[1.393s] Invoking command in '/home/gongminsu/motor_test/src/rs485': PYTHONPATH=/home/gongminsu/motor_test/build/rs485/prefix_override:/usr/lib/python3/dist-packages/colcon_core/task/python/colcon_distutils_commands:/home/gongminsu/motor_test/install/rs485/lib/python3.10/site-packages:${PYTHONPATH} /usr/bin/python3 -W ignore:setup.py install is deprecated -W ignore:easy_install command is deprecated setup.py egg_info --egg-base ../../build/rs485 build --build-base /home/gongminsu/motor_test/build/rs485/build install --record /home/gongminsu/motor_test/build/rs485/install.log --single-version-externally-managed install_data
[1.897s] running egg_info
[1.901s] writing ../../build/rs485/rs485.egg-info/PKG-INFO
[1.901s] writing dependency_links to ../../build/rs485/rs485.egg-info/dependency_links.txt
[1.902s] writing entry points to ../../build/rs485/rs485.egg-info/entry_points.txt
[1.902s] writing requirements to ../../build/rs485/rs485.egg-info/requires.txt
[1.902s] writing top-level names to ../../build/rs485/rs485.egg-info/top_level.txt
[1.906s] reading manifest file '../../build/rs485/rs485.egg-info/SOURCES.txt'
[1.907s] writing manifest file '../../build/rs485/rs485.egg-info/SOURCES.txt'
[1.907s] running build
[1.908s] running build_py
[1.908s] copying rs485/reciever.py -> /home/gongminsu/motor_test/build/rs485/build/lib/rs485
[1.908s] running install
[1.909s] running install_lib
[1.909s] copying /home/gongminsu/motor_test/build/rs485/build/lib/rs485/reciever.py -> /home/gongminsu/motor_test/install/rs485/lib/python3.10/site-packages/rs485
[1.910s] byte-compiling /home/gongminsu/motor_test/install/rs485/lib/python3.10/site-packages/rs485/reciever.py to reciever.cpython-310.pyc
[1.916s] running install_data
[1.916s] running install_egg_info
[1.920s] removing '/home/gongminsu/motor_test/install/rs485/lib/python3.10/site-packages/rs485-0.0.0-py3.10.egg-info' (and everything under it)
[1.920s] Copying ../../build/rs485/rs485.egg-info to /home/gongminsu/motor_test/install/rs485/lib/python3.10/site-packages/rs485-0.0.0-py3.10.egg-info
[1.921s] running install_scripts
[1.960s] Installing cmd_vel script to /home/gongminsu/motor_test/install/rs485/lib/rs485
[1.960s] Installing id_baud script to /home/gongminsu/motor_test/install/rs485/lib/rs485
[1.961s] Installing reciever script to /home/gongminsu/motor_test/install/rs485/lib/rs485
[1.962s] Installing sub script to /home/gongminsu/motor_test/install/rs485/lib/rs485
[1.963s] writing list of installed files to '/home/gongminsu/motor_test/build/rs485/install.log'
[2.026s] Invoked command in '/home/gongminsu/motor_test/src/rs485' returned '0': PYTHONPATH=/home/gongminsu/motor_test/build/rs485/prefix_override:/usr/lib/python3/dist-packages/colcon_core/task/python/colcon_distutils_commands:/home/gongminsu/motor_test/install/rs485/lib/python3.10/site-packages:${PYTHONPATH} /usr/bin/python3 -W ignore:setup.py install is deprecated -W ignore:easy_install command is deprecated setup.py egg_info --egg-base ../../build/rs485 build --build-base /home/gongminsu/motor_test/build/rs485/build install --record /home/gongminsu/motor_test/build/rs485/install.log --single-version-externally-managed install_data
