[0.312s] DEBUG:colcon:Command line arguments: ['/usr/bin/colcon', 'build']
[0.313s] DEBUG:colcon:Parsed command line arguments: Namespace(log_base=None, log_level=None, verb_name='build', build_base='build', install_base='install', merge_install=False, symlink_install=False, test_result_base=None, continue_on_error=False, executor='parallel', parallel_workers=8, event_handlers=None, ignore_user_meta=False, metas=['./colcon.meta'], base_paths=['.'], packages_ignore=None, packages_ignore_regex=None, paths=None, packages_up_to=None, packages_up_to_regex=None, packages_above=None, packages_above_and_dependencies=None, packages_above_depth=None, packages_select_by_dep=None, packages_skip_by_dep=None, packages_skip_up_to=None, packages_select_build_failed=False, packages_skip_build_finished=False, packages_select_test_failures=False, packages_skip_test_passed=False, packages_select=None, packages_skip=None, packages_select_regex=None, packages_skip_regex=None, packages_start=None, packages_end=None, allow_overriding=[], cmake_args=None, cmake_target=None, cmake_target_skip_unavailable=False, cmake_clean_cache=False, cmake_clean_first=False, cmake_force_configure=False, ament_cmake_args=None, catkin_cmake_args=None, catkin_skip_building_tests=False, mixin_files=None, mixin=None, verb_parser=<colcon_mixin.mixin.mixin_argument.MixinArgumentDecorator object at 0x791754578790>, verb_extension=<colcon_core.verb.build.BuildVerb object at 0x79175454f9a0>, main=<bound method BuildVerb.main of <colcon_core.verb.build.BuildVerb object at 0x79175454f9a0>>, mixin_verb=('build',))
[0.802s] Level 1:colcon.colcon_core.package_discovery:discover_packages(colcon_meta) check parameters
[0.802s] Level 1:colcon.colcon_core.package_discovery:discover_packages(recursive) check parameters
[0.802s] Level 1:colcon.colcon_core.package_discovery:discover_packages(ignore) check parameters
[0.802s] Level 1:colcon.colcon_core.package_discovery:discover_packages(path) check parameters
[0.802s] Level 1:colcon.colcon_core.package_discovery:discover_packages(colcon_meta) discover
[0.802s] Level 1:colcon.colcon_core.package_discovery:discover_packages(recursive) discover
[0.802s] INFO:colcon.colcon_core.package_discovery:Crawling recursively for packages in '/home/gongminsu/motor_test'
[0.803s] Level 1:colcon.colcon_core.package_identification:_identify(.) by extensions ['ignore', 'ignore_ament_install']
[0.803s] Level 1:colcon.colcon_core.package_identification:_identify(.) by extension 'ignore'
[0.803s] Level 1:colcon.colcon_core.package_identification:_identify(.) by extension 'ignore_ament_install'
[0.803s] Level 1:colcon.colcon_core.package_identification:_identify(.) by extensions ['colcon_pkg']
[0.803s] Level 1:colcon.colcon_core.package_identification:_identify(.) by extension 'colcon_pkg'
[0.803s] Level 1:colcon.colcon_core.package_identification:_identify(.) by extensions ['colcon_meta']
[0.804s] Level 1:colcon.colcon_core.package_identification:_identify(.) by extension 'colcon_meta'
[0.804s] Level 1:colcon.colcon_core.package_identification:_identify(.) by extensions ['ros']
[0.804s] Level 1:colcon.colcon_core.package_identification:_identify(.) by extension 'ros'
[0.865s] Level 1:colcon.colcon_core.package_identification:_identify(.) by extensions ['cmake', 'python']
[0.865s] Level 1:colcon.colcon_core.package_identification:_identify(.) by extension 'cmake'
[0.865s] Level 1:colcon.colcon_core.package_identification:_identify(.) by extension 'python'
[0.865s] Level 1:colcon.colcon_core.package_identification:_identify(.) by extensions ['python_setup_py']
[0.865s] Level 1:colcon.colcon_core.package_identification:_identify(.) by extension 'python_setup_py'
[0.866s] Level 1:colcon.colcon_core.package_identification:_identify(build) by extensions ['ignore', 'ignore_ament_install']
[0.866s] Level 1:colcon.colcon_core.package_identification:_identify(build) by extension 'ignore'
[0.866s] Level 1:colcon.colcon_core.package_identification:_identify(build) ignored
[0.867s] Level 1:colcon.colcon_core.package_identification:_identify(install) by extensions ['ignore', 'ignore_ament_install']
[0.867s] Level 1:colcon.colcon_core.package_identification:_identify(install) by extension 'ignore'
[0.867s] Level 1:colcon.colcon_core.package_identification:_identify(install) ignored
[0.868s] Level 1:colcon.colcon_core.package_identification:_identify(log) by extensions ['ignore', 'ignore_ament_install']
[0.868s] Level 1:colcon.colcon_core.package_identification:_identify(log) by extension 'ignore'
[0.868s] Level 1:colcon.colcon_core.package_identification:_identify(log) ignored
[0.868s] Level 1:colcon.colcon_core.package_identification:_identify(src) by extensions ['ignore', 'ignore_ament_install']
[0.868s] Level 1:colcon.colcon_core.package_identification:_identify(src) by extension 'ignore'
[0.868s] Level 1:colcon.colcon_core.package_identification:_identify(src) by extension 'ignore_ament_install'
[0.868s] Level 1:colcon.colcon_core.package_identification:_identify(src) by extensions ['colcon_pkg']
[0.868s] Level 1:colcon.colcon_core.package_identification:_identify(src) by extension 'colcon_pkg'
[0.869s] Level 1:colcon.colcon_core.package_identification:_identify(src) by extensions ['colcon_meta']
[0.869s] Level 1:colcon.colcon_core.package_identification:_identify(src) by extension 'colcon_meta'
[0.869s] Level 1:colcon.colcon_core.package_identification:_identify(src) by extensions ['ros']
[0.869s] Level 1:colcon.colcon_core.package_identification:_identify(src) by extension 'ros'
[0.869s] Level 1:colcon.colcon_core.package_identification:_identify(src) by extensions ['cmake', 'python']
[0.869s] Level 1:colcon.colcon_core.package_identification:_identify(src) by extension 'cmake'
[0.869s] Level 1:colcon.colcon_core.package_identification:_identify(src) by extension 'python'
[0.869s] Level 1:colcon.colcon_core.package_identification:_identify(src) by extensions ['python_setup_py']
[0.869s] Level 1:colcon.colcon_core.package_identification:_identify(src) by extension 'python_setup_py'
[0.869s] Level 1:colcon.colcon_core.package_identification:_identify(src/rs485) by extensions ['ignore', 'ignore_ament_install']
[0.869s] Level 1:colcon.colcon_core.package_identification:_identify(src/rs485) by extension 'ignore'
[0.870s] Level 1:colcon.colcon_core.package_identification:_identify(src/rs485) by extension 'ignore_ament_install'
[0.870s] Level 1:colcon.colcon_core.package_identification:_identify(src/rs485) by extensions ['colcon_pkg']
[0.870s] Level 1:colcon.colcon_core.package_identification:_identify(src/rs485) by extension 'colcon_pkg'
[0.870s] Level 1:colcon.colcon_core.package_identification:_identify(src/rs485) by extensions ['colcon_meta']
[0.870s] Level 1:colcon.colcon_core.package_identification:_identify(src/rs485) by extension 'colcon_meta'
[0.870s] Level 1:colcon.colcon_core.package_identification:_identify(src/rs485) by extensions ['ros']
[0.870s] Level 1:colcon.colcon_core.package_identification:_identify(src/rs485) by extension 'ros'
[0.876s] DEBUG:colcon.colcon_core.package_identification:Package 'src/rs485' with type 'ros.ament_python' and name 'rs485'
[0.876s] Level 1:colcon.colcon_core.package_discovery:discover_packages(recursive) using defaults
[0.877s] Level 1:colcon.colcon_core.package_discovery:discover_packages(ignore) discover
[0.877s] Level 1:colcon.colcon_core.package_discovery:discover_packages(ignore) using defaults
[0.877s] Level 1:colcon.colcon_core.package_discovery:discover_packages(path) discover
[0.877s] Level 1:colcon.colcon_core.package_discovery:discover_packages(path) using defaults
[0.932s] Level 1:colcon.colcon_core.package_discovery:discover_packages(prefix_path) check parameters
[0.933s] Level 1:colcon.colcon_core.package_discovery:discover_packages(prefix_path) discover
[0.936s] DEBUG:colcon.colcon_installed_package_information.package_discovery:Found 1 installed packages in /home/gongminsu/motor_test/install
[0.938s] DEBUG:colcon.colcon_installed_package_information.package_discovery:Found 289 installed packages in /opt/ros/humble
[0.948s] Level 1:colcon.colcon_core.package_discovery:discover_packages(prefix_path) using defaults
[1.054s] Level 5:colcon.colcon_core.verb:set package 'rs485' build argument 'cmake_args' from command line to 'None'
[1.054s] Level 5:colcon.colcon_core.verb:set package 'rs485' build argument 'cmake_target' from command line to 'None'
[1.054s] Level 5:colcon.colcon_core.verb:set package 'rs485' build argument 'cmake_target_skip_unavailable' from command line to 'False'
[1.054s] Level 5:colcon.colcon_core.verb:set package 'rs485' build argument 'cmake_clean_cache' from command line to 'False'
[1.054s] Level 5:colcon.colcon_core.verb:set package 'rs485' build argument 'cmake_clean_first' from command line to 'False'
[1.054s] Level 5:colcon.colcon_core.verb:set package 'rs485' build argument 'cmake_force_configure' from command line to 'False'
[1.054s] Level 5:colcon.colcon_core.verb:set package 'rs485' build argument 'ament_cmake_args' from command line to 'None'
[1.054s] Level 5:colcon.colcon_core.verb:set package 'rs485' build argument 'catkin_cmake_args' from command line to 'None'
[1.054s] Level 5:colcon.colcon_core.verb:set package 'rs485' build argument 'catkin_skip_building_tests' from command line to 'False'
[1.054s] DEBUG:colcon.colcon_core.verb:Building package 'rs485' with the following arguments: {'ament_cmake_args': None, 'build_base': '/home/gongminsu/motor_test/build/rs485', 'catkin_cmake_args': None, 'catkin_skip_building_tests': False, 'cmake_args': None, 'cmake_clean_cache': False, 'cmake_clean_first': False, 'cmake_force_configure': False, 'cmake_target': None, 'cmake_target_skip_unavailable': False, 'install_base': '/home/gongminsu/motor_test/install/rs485', 'merge_install': False, 'path': '/home/gongminsu/motor_test/src/rs485', 'symlink_install': False, 'test_result_base': None}
[1.055s] INFO:colcon.colcon_core.executor:Executing jobs using 'parallel' executor
[1.057s] DEBUG:colcon.colcon_parallel_executor.executor.parallel:run_until_complete
[1.059s] INFO:colcon.colcon_ros.task.ament_python.build:Building ROS package in '/home/gongminsu/motor_test/src/rs485' with build type 'ament_python'
[1.060s] Level 1:colcon.colcon_core.shell:create_environment_hook('rs485', 'ament_prefix_path')
[1.067s] INFO:colcon.colcon_core.plugin_system:Skipping extension 'colcon_core.shell.bat': Not used on non-Windows systems
[1.068s] INFO:colcon.colcon_core.shell:Creating environment hook '/home/gongminsu/motor_test/install/rs485/share/rs485/hook/ament_prefix_path.ps1'
[1.069s] INFO:colcon.colcon_core.shell:Creating environment descriptor '/home/gongminsu/motor_test/install/rs485/share/rs485/hook/ament_prefix_path.dsv'
[1.069s] INFO:colcon.colcon_core.shell:Creating environment hook '/home/gongminsu/motor_test/install/rs485/share/rs485/hook/ament_prefix_path.sh'
[1.071s] INFO:colcon.colcon_core.shell:Skip shell extension 'powershell' for command environment: Not usable outside of PowerShell
[1.071s] DEBUG:colcon.colcon_core.shell:Skip shell extension 'dsv' for command environment
[1.888s] INFO:colcon.colcon_core.task.python.build:Building Python package in '/home/gongminsu/motor_test/src/rs485'
[1.889s] INFO:colcon.colcon_core.shell:Skip shell extension 'powershell' for command environment: Not usable outside of PowerShell
[1.889s] DEBUG:colcon.colcon_core.shell:Skip shell extension 'dsv' for command environment
[3.036s] DEBUG:colcon.colcon_core.event_handler.log_command:Invoking command in '/home/gongminsu/motor_test/src/rs485': PYTHONPATH=/home/gongminsu/motor_test/build/rs485/prefix_override:/usr/lib/python3/dist-packages/colcon_core/task/python/colcon_distutils_commands:/home/gongminsu/motor_test/install/rs485/lib/python3.10/site-packages:${PYTHONPATH} /usr/bin/python3 -W ignore:setup.py install is deprecated -W ignore:easy_install command is deprecated setup.py egg_info --egg-base ../../build/rs485 build --build-base /home/gongminsu/motor_test/build/rs485/build install --record /home/gongminsu/motor_test/build/rs485/install.log --single-version-externally-managed install_data
[3.929s] DEBUG:colcon.colcon_core.event_handler.log_command:Invoked command in '/home/gongminsu/motor_test/src/rs485' returned '0': PYTHONPATH=/home/gongminsu/motor_test/build/rs485/prefix_override:/usr/lib/python3/dist-packages/colcon_core/task/python/colcon_distutils_commands:/home/gongminsu/motor_test/install/rs485/lib/python3.10/site-packages:${PYTHONPATH} /usr/bin/python3 -W ignore:setup.py install is deprecated -W ignore:easy_install command is deprecated setup.py egg_info --egg-base ../../build/rs485 build --build-base /home/gongminsu/motor_test/build/rs485/build install --record /home/gongminsu/motor_test/build/rs485/install.log --single-version-externally-managed install_data
[3.933s] Level 1:colcon.colcon_core.environment:checking '/home/gongminsu/motor_test/install/rs485' for CMake module files
[3.934s] Level 1:colcon.colcon_core.environment:checking '/home/gongminsu/motor_test/install/rs485' for CMake config files
[3.935s] Level 1:colcon.colcon_core.environment:checking '/home/gongminsu/motor_test/install/rs485/lib'
[3.936s] Level 1:colcon.colcon_core.environment:checking '/home/gongminsu/motor_test/install/rs485/bin'
[3.936s] Level 1:colcon.colcon_core.environment:checking '/home/gongminsu/motor_test/install/rs485/lib/pkgconfig/rs485.pc'
[3.936s] Level 1:colcon.colcon_core.environment:checking '/home/gongminsu/motor_test/install/rs485/lib/python3.10/site-packages'
[3.936s] Level 1:colcon.colcon_core.shell:create_environment_hook('rs485', 'pythonpath')
[3.937s] INFO:colcon.colcon_core.shell:Creating environment hook '/home/gongminsu/motor_test/install/rs485/share/rs485/hook/pythonpath.ps1'
[3.939s] INFO:colcon.colcon_core.shell:Creating environment descriptor '/home/gongminsu/motor_test/install/rs485/share/rs485/hook/pythonpath.dsv'
[3.942s] INFO:colcon.colcon_core.shell:Creating environment hook '/home/gongminsu/motor_test/install/rs485/share/rs485/hook/pythonpath.sh'
[3.944s] Level 1:colcon.colcon_core.environment:checking '/home/gongminsu/motor_test/install/rs485/bin'
[3.944s] Level 1:colcon.colcon_core.environment:create_environment_scripts_only(rs485)
[3.945s] INFO:colcon.colcon_core.shell:Creating package script '/home/gongminsu/motor_test/install/rs485/share/rs485/package.ps1'
[3.947s] INFO:colcon.colcon_core.shell:Creating package descriptor '/home/gongminsu/motor_test/install/rs485/share/rs485/package.dsv'
[3.949s] INFO:colcon.colcon_core.shell:Creating package script '/home/gongminsu/motor_test/install/rs485/share/rs485/package.sh'
[3.950s] INFO:colcon.colcon_core.shell:Creating package script '/home/gongminsu/motor_test/install/rs485/share/rs485/package.bash'
[3.951s] INFO:colcon.colcon_core.shell:Creating package script '/home/gongminsu/motor_test/install/rs485/share/rs485/package.zsh'
[3.953s] Level 1:colcon.colcon_core.environment:create_file_with_runtime_dependencies(/home/gongminsu/motor_test/install/rs485/share/colcon-core/packages/rs485)
[3.953s] DEBUG:colcon.colcon_parallel_executor.executor.parallel:closing loop
[3.954s] DEBUG:colcon.colcon_parallel_executor.executor.parallel:loop closed
[3.954s] DEBUG:colcon.colcon_parallel_executor.executor.parallel:run_until_complete finished with '0'
[3.954s] DEBUG:colcon.colcon_core.event_reactor:joining thread
[3.969s] INFO:colcon.colcon_core.plugin_system:Skipping extension 'colcon_notification.desktop_notification.terminal_notifier': Not used on non-Darwin systems
[3.969s] INFO:colcon.colcon_core.plugin_system:Skipping extension 'colcon_notification.desktop_notification.win32': Not used on non-Windows systems
[3.969s] INFO:colcon.colcon_notification.desktop_notification:Sending desktop notification using 'notify2'
[3.999s] DEBUG:colcon.colcon_core.event_reactor:joined thread
[3.999s] INFO:colcon.colcon_core.shell:Creating prefix script '/home/gongminsu/motor_test/install/local_setup.ps1'
[4.001s] INFO:colcon.colcon_core.shell:Creating prefix util module '/home/gongminsu/motor_test/install/_local_setup_util_ps1.py'
[4.006s] INFO:colcon.colcon_core.shell:Creating prefix chain script '/home/gongminsu/motor_test/install/setup.ps1'
[4.010s] INFO:colcon.colcon_core.shell:Creating prefix script '/home/gongminsu/motor_test/install/local_setup.sh'
[4.013s] INFO:colcon.colcon_core.shell:Creating prefix util module '/home/gongminsu/motor_test/install/_local_setup_util_sh.py'
[4.014s] INFO:colcon.colcon_core.shell:Creating prefix chain script '/home/gongminsu/motor_test/install/setup.sh'
[4.016s] INFO:colcon.colcon_core.shell:Creating prefix script '/home/gongminsu/motor_test/install/local_setup.bash'
[4.018s] INFO:colcon.colcon_core.shell:Creating prefix chain script '/home/gongminsu/motor_test/install/setup.bash'
[4.019s] INFO:colcon.colcon_core.shell:Creating prefix script '/home/gongminsu/motor_test/install/local_setup.zsh'
[4.021s] INFO:colcon.colcon_core.shell:Creating prefix chain script '/home/gongminsu/motor_test/install/setup.zsh'
