[1.565s] Invoking command in '/home/gongminsu/motor_test/src/rs485': PYTHONPATH=/home/gongminsu/motor_test/build/rs485/prefix_override:/usr/lib/python3/dist-packages/colcon_core/task/python/colcon_distutils_commands:/home/gongminsu/motor_test/install/rs485/lib/python3.10/site-packages:${PYTHONPATH} /usr/bin/python3 -W ignore:setup.py install is deprecated -W ignore:easy_install command is deprecated setup.py egg_info --egg-base ../../build/rs485 build --build-base /home/gongminsu/motor_test/build/rs485/build install --record /home/gongminsu/motor_test/build/rs485/install.log --single-version-externally-managed install_data
[2.026s] running egg_info
[2.029s] writing ../../build/rs485/rs485.egg-info/PKG-INFO
[2.029s] writing dependency_links to ../../build/rs485/rs485.egg-info/dependency_links.txt
[2.029s] writing entry points to ../../build/rs485/rs485.egg-info/entry_points.txt
[2.030s] writing requirements to ../../build/rs485/rs485.egg-info/requires.txt
[2.030s] writing top-level names to ../../build/rs485/rs485.egg-info/top_level.txt
[2.034s] reading manifest file '../../build/rs485/rs485.egg-info/SOURCES.txt'
[2.035s] writing manifest file '../../build/rs485/rs485.egg-info/SOURCES.txt'
[2.036s] running build
[2.036s] running build_py
[2.036s] copying rs485/reciever.py -> /home/gongminsu/motor_test/build/rs485/build/lib/rs485
[2.036s] copying rs485/cmd_vel.py -> /home/gongminsu/motor_test/build/rs485/build/lib/rs485
[2.037s] running install
[2.037s] running install_lib
[2.041s] copying /home/gongminsu/motor_test/build/rs485/build/lib/rs485/reciever.py -> /home/gongminsu/motor_test/install/rs485/lib/python3.10/site-packages/rs485
[2.041s] copying /home/gongminsu/motor_test/build/rs485/build/lib/rs485/cmd_vel.py -> /home/gongminsu/motor_test/install/rs485/lib/python3.10/site-packages/rs485
[2.043s] byte-compiling /home/gongminsu/motor_test/install/rs485/lib/python3.10/site-packages/rs485/reciever.py to reciever.cpython-310.pyc
[2.047s] byte-compiling /home/gongminsu/motor_test/install/rs485/lib/python3.10/site-packages/rs485/cmd_vel.py to cmd_vel.cpython-310.pyc
[2.049s] running install_data
[2.049s] running install_egg_info
[2.052s] removing '/home/gongminsu/motor_test/install/rs485/lib/python3.10/site-packages/rs485-0.0.0-py3.10.egg-info' (and everything under it)
[2.052s] Copying ../../build/rs485/rs485.egg-info to /home/gongminsu/motor_test/install/rs485/lib/python3.10/site-packages/rs485-0.0.0-py3.10.egg-info
[2.054s] running install_scripts
[2.100s] Installing cmd_vel script to /home/gongminsu/motor_test/install/rs485/lib/rs485
[2.101s] Installing id_baud script to /home/gongminsu/motor_test/install/rs485/lib/rs485
[2.101s] Installing reciever script to /home/gongminsu/motor_test/install/rs485/lib/rs485
[2.101s] Installing sub script to /home/gongminsu/motor_test/install/rs485/lib/rs485
[2.101s] writing list of installed files to '/home/gongminsu/motor_test/build/rs485/install.log'
[2.171s] Invoked command in '/home/gongminsu/motor_test/src/rs485' returned '0': PYTHONPATH=/home/gongminsu/motor_test/build/rs485/prefix_override:/usr/lib/python3/dist-packages/colcon_core/task/python/colcon_distutils_commands:/home/gongminsu/motor_test/install/rs485/lib/python3.10/site-packages:${PYTHONPATH} /usr/bin/python3 -W ignore:setup.py install is deprecated -W ignore:easy_install command is deprecated setup.py egg_info --egg-base ../../build/rs485 build --build-base /home/gongminsu/motor_test/build/rs485/build install --record /home/gongminsu/motor_test/build/rs485/install.log --single-version-externally-managed install_data
