[0.969s] Invoking command in '/home/gongminsu/motor_test/src/rs485': PYTHONPATH=/home/gongminsu/motor_test/build/rs485/prefix_override:/usr/lib/python3/dist-packages/colcon_core/task/python/colcon_distutils_commands:/home/gongminsu/motor_test/install/rs485/lib/python3.10/site-packages:${PYTHONPATH} /usr/bin/python3 -W ignore:setup.py install is deprecated -W ignore:easy_install command is deprecated setup.py egg_info --egg-base ../../build/rs485 build --build-base /home/gongminsu/motor_test/build/rs485/build install --record /home/gongminsu/motor_test/build/rs485/install.log --single-version-externally-managed install_data
[1.329s] running egg_info
[1.329s] writing ../../build/rs485/rs485.egg-info/PKG-INFO
[1.329s] writing dependency_links to ../../build/rs485/rs485.egg-info/dependency_links.txt
[1.330s] writing entry points to ../../build/rs485/rs485.egg-info/entry_points.txt
[1.330s] writing requirements to ../../build/rs485/rs485.egg-info/requires.txt
[1.330s] writing top-level names to ../../build/rs485/rs485.egg-info/top_level.txt
[1.334s] reading manifest file '../../build/rs485/rs485.egg-info/SOURCES.txt'
[1.336s] writing manifest file '../../build/rs485/rs485.egg-info/SOURCES.txt'
[1.336s] running build
[1.336s] running build_py
[1.337s] copying rs485/cmd_vel.py -> /home/gongminsu/motor_test/build/rs485/build/lib/rs485
[1.339s] running install
[1.340s] running install_lib
[1.342s] copying /home/gongminsu/motor_test/build/rs485/build/lib/rs485/cmd_vel.py -> /home/gongminsu/motor_test/install/rs485/lib/python3.10/site-packages/rs485
[1.342s] byte-compiling /home/gongminsu/motor_test/install/rs485/lib/python3.10/site-packages/rs485/cmd_vel.py to cmd_vel.cpython-310.pyc
[1.344s] running install_data
[1.344s] running install_egg_info
[1.346s] removing '/home/gongminsu/motor_test/install/rs485/lib/python3.10/site-packages/rs485-0.0.0-py3.10.egg-info' (and everything under it)
[1.346s] Copying ../../build/rs485/rs485.egg-info to /home/gongminsu/motor_test/install/rs485/lib/python3.10/site-packages/rs485-0.0.0-py3.10.egg-info
[1.347s] running install_scripts
[1.376s] Installing cmd_vel script to /home/gongminsu/motor_test/install/rs485/lib/rs485
[1.376s] Installing id_baud script to /home/gongminsu/motor_test/install/rs485/lib/rs485
[1.376s] Installing reciever script to /home/gongminsu/motor_test/install/rs485/lib/rs485
[1.376s] Installing sub script to /home/gongminsu/motor_test/install/rs485/lib/rs485
[1.377s] writing list of installed files to '/home/gongminsu/motor_test/build/rs485/install.log'
[1.425s] Invoked command in '/home/gongminsu/motor_test/src/rs485' returned '0': PYTHONPATH=/home/gongminsu/motor_test/build/rs485/prefix_override:/usr/lib/python3/dist-packages/colcon_core/task/python/colcon_distutils_commands:/home/gongminsu/motor_test/install/rs485/lib/python3.10/site-packages:${PYTHONPATH} /usr/bin/python3 -W ignore:setup.py install is deprecated -W ignore:easy_install command is deprecated setup.py egg_info --egg-base ../../build/rs485 build --build-base /home/gongminsu/motor_test/build/rs485/build install --record /home/gongminsu/motor_test/build/rs485/install.log --single-version-externally-managed install_data
