[0.823s] Invoking command in '/home/gongminsu/motor_test/src/rs485': PYTHONPATH=/home/gongminsu/motor_test/build/rs485/prefix_override:/usr/lib/python3/dist-packages/colcon_core/task/python/colcon_distutils_commands:/home/gongminsu/motor_test/install/rs485/lib/python3.10/site-packages:${PYTHONPATH} /usr/bin/python3 -W ignore:setup.py install is deprecated -W ignore:easy_install command is deprecated setup.py egg_info --egg-base ../../build/rs485 build --build-base /home/gongminsu/motor_test/build/rs485/build install --record /home/gongminsu/motor_test/build/rs485/install.log --single-version-externally-managed install_data
[1.102s] running egg_info
[1.102s] writing ../../build/rs485/rs485.egg-info/PKG-INFO
[1.103s] writing dependency_links to ../../build/rs485/rs485.egg-info/dependency_links.txt
[1.103s] writing entry points to ../../build/rs485/rs485.egg-info/entry_points.txt
[1.103s] writing requirements to ../../build/rs485/rs485.egg-info/requires.txt
[1.103s] writing top-level names to ../../build/rs485/rs485.egg-info/top_level.txt
[1.114s] reading manifest file '../../build/rs485/rs485.egg-info/SOURCES.txt'
[1.115s] writing manifest file '../../build/rs485/rs485.egg-info/SOURCES.txt'
[1.116s] running build
[1.116s] running build_py
[1.116s] copying rs485/imu_pub.py -> /home/gongminsu/motor_test/build/rs485/build/lib/rs485
[1.116s] running install
[1.117s] running install_lib
[1.118s] copying /home/gongminsu/motor_test/build/rs485/build/lib/rs485/imu_pub.py -> /home/gongminsu/motor_test/install/rs485/lib/python3.10/site-packages/rs485
[1.119s] byte-compiling /home/gongminsu/motor_test/install/rs485/lib/python3.10/site-packages/rs485/imu_pub.py to imu_pub.cpython-310.pyc
[1.120s] running install_data
[1.120s] running install_egg_info
[1.122s] removing '/home/gongminsu/motor_test/install/rs485/lib/python3.10/site-packages/rs485-0.0.0-py3.10.egg-info' (and everything under it)
[1.122s] Copying ../../build/rs485/rs485.egg-info to /home/gongminsu/motor_test/install/rs485/lib/python3.10/site-packages/rs485-0.0.0-py3.10.egg-info
[1.123s] running install_scripts
[1.145s] Installing TSS_test script to /home/gongminsu/motor_test/install/rs485/lib/rs485
[1.145s] Installing base_broad script to /home/gongminsu/motor_test/install/rs485/lib/rs485
[1.145s] Installing base_broad_imu script to /home/gongminsu/motor_test/install/rs485/lib/rs485
[1.145s] Installing base_track_broad script to /home/gongminsu/motor_test/install/rs485/lib/rs485
[1.145s] Installing co script to /home/gongminsu/motor_test/install/rs485/lib/rs485
[1.146s] Installing diff_cmd_vel script to /home/gongminsu/motor_test/install/rs485/lib/rs485
[1.146s] Installing id_baud script to /home/gongminsu/motor_test/install/rs485/lib/rs485
[1.146s] Installing imu_pub script to /home/gongminsu/motor_test/install/rs485/lib/rs485
[1.146s] Installing node script to /home/gongminsu/motor_test/install/rs485/lib/rs485
[1.146s] Installing one_cmd_vel script to /home/gongminsu/motor_test/install/rs485/lib/rs485
[1.146s] Installing receiver script to /home/gongminsu/motor_test/install/rs485/lib/rs485
[1.146s] Installing testcode script to /home/gongminsu/motor_test/install/rs485/lib/rs485
[1.146s] Installing transceiver script to /home/gongminsu/motor_test/install/rs485/lib/rs485
[1.146s] Installing zmp_test_imu script to /home/gongminsu/motor_test/install/rs485/lib/rs485
[1.147s] writing list of installed files to '/home/gongminsu/motor_test/build/rs485/install.log'
[1.171s] Invoked command in '/home/gongminsu/motor_test/src/rs485' returned '0': PYTHONPATH=/home/gongminsu/motor_test/build/rs485/prefix_override:/usr/lib/python3/dist-packages/colcon_core/task/python/colcon_distutils_commands:/home/gongminsu/motor_test/install/rs485/lib/python3.10/site-packages:${PYTHONPATH} /usr/bin/python3 -W ignore:setup.py install is deprecated -W ignore:easy_install command is deprecated setup.py egg_info --egg-base ../../build/rs485 build --build-base /home/gongminsu/motor_test/build/rs485/build install --record /home/gongminsu/motor_test/build/rs485/install.log --single-version-externally-managed install_data
