/home/gongminsu/motor_test/install/rs485/lib/python3.10/site-packages/rs485/base_broad_imu.py
/home/gongminsu/motor_test/install/rs485/lib/python3.10/site-packages/rs485/transceiver.py
/home/gongminsu/motor_test/install/rs485/lib/python3.10/site-packages/rs485/receiver.py
/home/gongminsu/motor_test/install/rs485/lib/python3.10/site-packages/rs485/base_track_broad.py
/home/gongminsu/motor_test/install/rs485/lib/python3.10/site-packages/rs485/id_baud.py
/home/gongminsu/motor_test/install/rs485/lib/python3.10/site-packages/rs485/__init__.py
/home/gongminsu/motor_test/install/rs485/lib/python3.10/site-packages/rs485/serial_test.py
/home/gongminsu/motor_test/install/rs485/lib/python3.10/site-packages/rs485/bit.py
/home/gongminsu/motor_test/install/rs485/lib/python3.10/site-packages/rs485/python.py
/home/gongminsu/motor_test/install/rs485/lib/python3.10/site-packages/rs485/diff_cmd_vel.py
/home/gongminsu/motor_test/install/rs485/lib/python3.10/site-packages/rs485/roll_pitch_test.py
/home/gongminsu/motor_test/install/rs485/lib/python3.10/site-packages/rs485/node.py
/home/gongminsu/motor_test/install/rs485/lib/python3.10/site-packages/rs485/rqt.py
/home/gongminsu/motor_test/install/rs485/lib/python3.10/site-packages/rs485/testcode.py
/home/gongminsu/motor_test/install/rs485/lib/python3.10/site-packages/rs485/base_broad.py
/home/gongminsu/motor_test/install/rs485/lib/python3.10/site-packages/rs485/one_cmd_vel.py
/home/gongminsu/motor_test/install/rs485/lib/python3.10/site-packages/rs485/TSS_test.py
/home/gongminsu/motor_test/install/rs485/lib/python3.10/site-packages/rs485/motor_state.py
/home/gongminsu/motor_test/install/rs485/lib/python3.10/site-packages/rs485/zmp_test_imu.py
/home/gongminsu/motor_test/install/rs485/lib/python3.10/site-packages/rs485/imu_pub.py
/home/gongminsu/motor_test/install/rs485/lib/python3.10/site-packages/rs485/__pycache__/base_broad_imu.cpython-310.pyc
/home/gongminsu/motor_test/install/rs485/lib/python3.10/site-packages/rs485/__pycache__/transceiver.cpython-310.pyc
/home/gongminsu/motor_test/install/rs485/lib/python3.10/site-packages/rs485/__pycache__/receiver.cpython-310.pyc
/home/gongminsu/motor_test/install/rs485/lib/python3.10/site-packages/rs485/__pycache__/base_track_broad.cpython-310.pyc
/home/gongminsu/motor_test/install/rs485/lib/python3.10/site-packages/rs485/__pycache__/id_baud.cpython-310.pyc
/home/gongminsu/motor_test/install/rs485/lib/python3.10/site-packages/rs485/__pycache__/__init__.cpython-310.pyc
/home/gongminsu/motor_test/install/rs485/lib/python3.10/site-packages/rs485/__pycache__/serial_test.cpython-310.pyc
/home/gongminsu/motor_test/install/rs485/lib/python3.10/site-packages/rs485/__pycache__/bit.cpython-310.pyc
/home/gongminsu/motor_test/install/rs485/lib/python3.10/site-packages/rs485/__pycache__/python.cpython-310.pyc
/home/gongminsu/motor_test/install/rs485/lib/python3.10/site-packages/rs485/__pycache__/diff_cmd_vel.cpython-310.pyc
/home/gongminsu/motor_test/install/rs485/lib/python3.10/site-packages/rs485/__pycache__/roll_pitch_test.cpython-310.pyc
/home/gongminsu/motor_test/install/rs485/lib/python3.10/site-packages/rs485/__pycache__/node.cpython-310.pyc
/home/gongminsu/motor_test/install/rs485/lib/python3.10/site-packages/rs485/__pycache__/rqt.cpython-310.pyc
/home/gongminsu/motor_test/install/rs485/lib/python3.10/site-packages/rs485/__pycache__/testcode.cpython-310.pyc
/home/gongminsu/motor_test/install/rs485/lib/python3.10/site-packages/rs485/__pycache__/base_broad.cpython-310.pyc
/home/gongminsu/motor_test/install/rs485/lib/python3.10/site-packages/rs485/__pycache__/one_cmd_vel.cpython-310.pyc
/home/gongminsu/motor_test/install/rs485/lib/python3.10/site-packages/rs485/__pycache__/TSS_test.cpython-310.pyc
/home/gongminsu/motor_test/install/rs485/lib/python3.10/site-packages/rs485/__pycache__/motor_state.cpython-310.pyc
/home/gongminsu/motor_test/install/rs485/lib/python3.10/site-packages/rs485/__pycache__/zmp_test_imu.cpython-310.pyc
/home/gongminsu/motor_test/install/rs485/lib/python3.10/site-packages/rs485/__pycache__/imu_pub.cpython-310.pyc
/home/gongminsu/motor_test/install/rs485/share/ament_index/resource_index/packages/rs485
/home/gongminsu/motor_test/install/rs485/share/rs485/package.xml
/home/gongminsu/motor_test/install/rs485/lib/python3.10/site-packages/rs485-0.0.0-py3.10.egg-info/top_level.txt
/home/gongminsu/motor_test/install/rs485/lib/python3.10/site-packages/rs485-0.0.0-py3.10.egg-info/zip-safe
/home/gongminsu/motor_test/install/rs485/lib/python3.10/site-packages/rs485-0.0.0-py3.10.egg-info/SOURCES.txt
/home/gongminsu/motor_test/install/rs485/lib/python3.10/site-packages/rs485-0.0.0-py3.10.egg-info/PKG-INFO
/home/gongminsu/motor_test/install/rs485/lib/python3.10/site-packages/rs485-0.0.0-py3.10.egg-info/entry_points.txt
/home/gongminsu/motor_test/install/rs485/lib/python3.10/site-packages/rs485-0.0.0-py3.10.egg-info/dependency_links.txt
/home/gongminsu/motor_test/install/rs485/lib/python3.10/site-packages/rs485-0.0.0-py3.10.egg-info/requires.txt
/home/gongminsu/motor_test/install/rs485/lib/rs485/TSS_test
/home/gongminsu/motor_test/install/rs485/lib/rs485/base_broad
/home/gongminsu/motor_test/install/rs485/lib/rs485/base_broad_imu
/home/gongminsu/motor_test/install/rs485/lib/rs485/base_track_broad
/home/gongminsu/motor_test/install/rs485/lib/rs485/co
/home/gongminsu/motor_test/install/rs485/lib/rs485/diff_cmd_vel
/home/gongminsu/motor_test/install/rs485/lib/rs485/id_baud
/home/gongminsu/motor_test/install/rs485/lib/rs485/imu_pub
/home/gongminsu/motor_test/install/rs485/lib/rs485/node
/home/gongminsu/motor_test/install/rs485/lib/rs485/one_cmd_vel
/home/gongminsu/motor_test/install/rs485/lib/rs485/receiver
/home/gongminsu/motor_test/install/rs485/lib/rs485/roll_pitch_test
/home/gongminsu/motor_test/install/rs485/lib/rs485/rqt
/home/gongminsu/motor_test/install/rs485/lib/rs485/testcode
/home/gongminsu/motor_test/install/rs485/lib/rs485/transceiver
/home/gongminsu/motor_test/install/rs485/lib/rs485/zmp_test_imu
