[0.675s] Invoking command in '/home/gongminsu/motor_test/src/rs485': PYTHONPATH=/home/gongminsu/motor_test/build/rs485/prefix_override:/usr/lib/python3/dist-packages/colcon_core/task/python/colcon_distutils_commands:/home/gongminsu/motor_test/install/rs485/lib/python3.10/site-packages: /usr/bin/python3 -W ignore:setup.py install is deprecated -W ignore:easy_install command is deprecated setup.py egg_info --egg-base ../../build/rs485 build --build-base /home/gongminsu/motor_test/build/rs485/build install --record /home/gongminsu/motor_test/build/rs485/install.log --single-version-externally-managed install_data
[0.910s] running egg_info
[0.911s] writing ../../build/rs485/rs485.egg-info/PKG-INFO
[0.911s] writing dependency_links to ../../build/rs485/rs485.egg-info/dependency_links.txt
[0.911s] writing entry points to ../../build/rs485/rs485.egg-info/entry_points.txt
[0.912s] writing requirements to ../../build/rs485/rs485.egg-info/requires.txt
[0.912s] writing top-level names to ../../build/rs485/rs485.egg-info/top_level.txt
[0.915s] reading manifest file '../../build/rs485/rs485.egg-info/SOURCES.txt'
[0.916s] writing manifest file '../../build/rs485/rs485.egg-info/SOURCES.txt'
[0.917s] running build
[0.917s] running build_py
[0.918s] copying rs485/one_cmd_vel.py -> /home/gongminsu/motor_test/build/rs485/build/lib/rs485
[0.919s] running install
[0.919s] running install_lib
[0.921s] copying /home/gongminsu/motor_test/build/rs485/build/lib/rs485/one_cmd_vel.py -> /home/gongminsu/motor_test/install/rs485/lib/python3.10/site-packages/rs485
[0.922s] byte-compiling /home/gongminsu/motor_test/install/rs485/lib/python3.10/site-packages/rs485/one_cmd_vel.py to one_cmd_vel.cpython-310.pyc
[0.924s] running install_data
[0.924s] running install_egg_info
[0.927s] removing '/home/gongminsu/motor_test/install/rs485/lib/python3.10/site-packages/rs485-0.0.0-py3.10.egg-info' (and everything under it)
[0.927s] Copying ../../build/rs485/rs485.egg-info to /home/gongminsu/motor_test/install/rs485/lib/python3.10/site-packages/rs485-0.0.0-py3.10.egg-info
[0.929s] running install_scripts
[0.952s] Installing TSS_test script to /home/gongminsu/motor_test/install/rs485/lib/rs485
[0.952s] Installing base_broad script to /home/gongminsu/motor_test/install/rs485/lib/rs485
[0.953s] Installing base_broad_imu script to /home/gongminsu/motor_test/install/rs485/lib/rs485
[0.953s] Installing base_track_broad script to /home/gongminsu/motor_test/install/rs485/lib/rs485
[0.953s] Installing co script to /home/gongminsu/motor_test/install/rs485/lib/rs485
[0.953s] Installing diff_cmd_vel script to /home/gongminsu/motor_test/install/rs485/lib/rs485
[0.953s] Installing id_baud script to /home/gongminsu/motor_test/install/rs485/lib/rs485
[0.953s] Installing imu_pub script to /home/gongminsu/motor_test/install/rs485/lib/rs485
[0.953s] Installing node script to /home/gongminsu/motor_test/install/rs485/lib/rs485
[0.953s] Installing one_cmd_vel script to /home/gongminsu/motor_test/install/rs485/lib/rs485
[0.954s] Installing receiver script to /home/gongminsu/motor_test/install/rs485/lib/rs485
[0.954s] Installing roll_pitch_test script to /home/gongminsu/motor_test/install/rs485/lib/rs485
[0.954s] Installing rqt script to /home/gongminsu/motor_test/install/rs485/lib/rs485
[0.954s] Installing testcode script to /home/gongminsu/motor_test/install/rs485/lib/rs485
[0.954s] Installing transceiver script to /home/gongminsu/motor_test/install/rs485/lib/rs485
[0.954s] Installing zmp_test_imu script to /home/gongminsu/motor_test/install/rs485/lib/rs485
[0.955s] writing list of installed files to '/home/gongminsu/motor_test/build/rs485/install.log'
[0.984s] Invoked command in '/home/gongminsu/motor_test/src/rs485' returned '0': PYTHONPATH=/home/gongminsu/motor_test/build/rs485/prefix_override:/usr/lib/python3/dist-packages/colcon_core/task/python/colcon_distutils_commands:/home/gongminsu/motor_test/install/rs485/lib/python3.10/site-packages: /usr/bin/python3 -W ignore:setup.py install is deprecated -W ignore:easy_install command is deprecated setup.py egg_info --egg-base ../../build/rs485 build --build-base /home/gongminsu/motor_test/build/rs485/build install --record /home/gongminsu/motor_test/build/rs485/install.log --single-version-externally-managed install_data
