[0.758s] Invoking command in '/home/gongminsu/motor_test/src/rs485': PYTHONPATH=/home/gongminsu/motor_test/build/rs485/prefix_override:/usr/lib/python3/dist-packages/colcon_core/task/python/colcon_distutils_commands:/home/gongminsu/motor_test/install/rs485/lib/python3.10/site-packages:${PYTHONPATH} /usr/bin/python3 -W ignore:setup.py install is deprecated -W ignore:easy_install command is deprecated setup.py egg_info --egg-base ../../build/rs485 build --build-base /home/gongminsu/motor_test/build/rs485/build install --record /home/gongminsu/motor_test/build/rs485/install.log --single-version-externally-managed install_data
[1.039s] running egg_info
[1.040s] writing ../../build/rs485/rs485.egg-info/PKG-INFO
[1.040s] writing dependency_links to ../../build/rs485/rs485.egg-info/dependency_links.txt
[1.040s] writing entry points to ../../build/rs485/rs485.egg-info/entry_points.txt
[1.040s] writing requirements to ../../build/rs485/rs485.egg-info/requires.txt
[1.041s] writing top-level names to ../../build/rs485/rs485.egg-info/top_level.txt
[1.044s] reading manifest file '../../build/rs485/rs485.egg-info/SOURCES.txt'
[1.044s] writing manifest file '../../build/rs485/rs485.egg-info/SOURCES.txt'
[1.045s] running build
[1.045s] running build_py
[1.045s] copying rs485/base_broad.py -> /home/gongminsu/motor_test/build/rs485/build/lib/rs485
[1.045s] running install
[1.046s] running install_lib
[1.047s] copying /home/gongminsu/motor_test/build/rs485/build/lib/rs485/base_broad.py -> /home/gongminsu/motor_test/install/rs485/lib/python3.10/site-packages/rs485
[1.048s] byte-compiling /home/gongminsu/motor_test/install/rs485/lib/python3.10/site-packages/rs485/base_broad.py to base_broad.cpython-310.pyc
[1.049s] running install_data
[1.050s] running install_egg_info
[1.051s] removing '/home/gongminsu/motor_test/install/rs485/lib/python3.10/site-packages/rs485-0.0.0-py3.10.egg-info' (and everything under it)
[1.052s] Copying ../../build/rs485/rs485.egg-info to /home/gongminsu/motor_test/install/rs485/lib/python3.10/site-packages/rs485-0.0.0-py3.10.egg-info
[1.052s] running install_scripts
[1.074s] Installing base_broad script to /home/gongminsu/motor_test/install/rs485/lib/rs485
[1.075s] Installing cmd_vel script to /home/gongminsu/motor_test/install/rs485/lib/rs485
[1.075s] Installing co script to /home/gongminsu/motor_test/install/rs485/lib/rs485
[1.075s] Installing id_baud script to /home/gongminsu/motor_test/install/rs485/lib/rs485
[1.075s] Installing node script to /home/gongminsu/motor_test/install/rs485/lib/rs485
[1.075s] Installing receiver script to /home/gongminsu/motor_test/install/rs485/lib/rs485
[1.075s] Installing testcode script to /home/gongminsu/motor_test/install/rs485/lib/rs485
[1.075s] Installing transceiver script to /home/gongminsu/motor_test/install/rs485/lib/rs485
[1.075s] Installing zmp_controller_1 script to /home/gongminsu/motor_test/install/rs485/lib/rs485
[1.075s] writing list of installed files to '/home/gongminsu/motor_test/build/rs485/install.log'
[1.099s] Invoked command in '/home/gongminsu/motor_test/src/rs485' returned '0': PYTHONPATH=/home/gongminsu/motor_test/build/rs485/prefix_override:/usr/lib/python3/dist-packages/colcon_core/task/python/colcon_distutils_commands:/home/gongminsu/motor_test/install/rs485/lib/python3.10/site-packages:${PYTHONPATH} /usr/bin/python3 -W ignore:setup.py install is deprecated -W ignore:easy_install command is deprecated setup.py egg_info --egg-base ../../build/rs485 build --build-base /home/gongminsu/motor_test/build/rs485/build install --record /home/gongminsu/motor_test/build/rs485/install.log --single-version-externally-managed install_data
