[0.761s] Invoking command in '/home/gongminsu/motor_test/src/rs485': PYTHONPATH=/home/gongminsu/motor_test/build/rs485/prefix_override:/usr/lib/python3/dist-packages/colcon_core/task/python/colcon_distutils_commands:/home/gongminsu/motor_test/install/rs485/lib/python3.10/site-packages:${PYTHONPATH} /usr/bin/python3 -W ignore:setup.py install is deprecated -W ignore:easy_install command is deprecated setup.py egg_info --egg-base ../../build/rs485 build --build-base /home/gongminsu/motor_test/build/rs485/build install --record /home/gongminsu/motor_test/build/rs485/install.log --single-version-externally-managed install_data
[1.023s] running egg_info
[1.024s] writing ../../build/rs485/rs485.egg-info/PKG-INFO
[1.024s] writing dependency_links to ../../build/rs485/rs485.egg-info/dependency_links.txt
[1.024s] writing entry points to ../../build/rs485/rs485.egg-info/entry_points.txt
[1.024s] writing requirements to ../../build/rs485/rs485.egg-info/requires.txt
[1.024s] writing top-level names to ../../build/rs485/rs485.egg-info/top_level.txt
[1.027s] reading manifest file '../../build/rs485/rs485.egg-info/SOURCES.txt'
[1.029s] writing manifest file '../../build/rs485/rs485.egg-info/SOURCES.txt'
[1.029s] running build
[1.029s] running build_py
[1.030s] copying rs485/diff_cmd_vel.py -> /home/gongminsu/motor_test/build/rs485/build/lib/rs485
[1.031s] running install
[1.031s] running install_lib
[1.032s] copying /home/gongminsu/motor_test/build/rs485/build/lib/rs485/diff_cmd_vel.py -> /home/gongminsu/motor_test/install/rs485/lib/python3.10/site-packages/rs485
[1.033s] byte-compiling /home/gongminsu/motor_test/install/rs485/lib/python3.10/site-packages/rs485/diff_cmd_vel.py to diff_cmd_vel.cpython-310.pyc
[1.035s] running install_data
[1.035s] running install_egg_info
[1.037s] removing '/home/gongminsu/motor_test/install/rs485/lib/python3.10/site-packages/rs485-0.0.0-py3.10.egg-info' (and everything under it)
[1.037s] Copying ../../build/rs485/rs485.egg-info to /home/gongminsu/motor_test/install/rs485/lib/python3.10/site-packages/rs485-0.0.0-py3.10.egg-info
[1.038s] running install_scripts
[1.059s] Installing TSS_test script to /home/gongminsu/motor_test/install/rs485/lib/rs485
[1.059s] Installing base_broad script to /home/gongminsu/motor_test/install/rs485/lib/rs485
[1.059s] Installing base_broad_imu script to /home/gongminsu/motor_test/install/rs485/lib/rs485
[1.059s] Installing base_track_broad script to /home/gongminsu/motor_test/install/rs485/lib/rs485
[1.059s] Installing co script to /home/gongminsu/motor_test/install/rs485/lib/rs485
[1.059s] Installing diff_cmd_vel script to /home/gongminsu/motor_test/install/rs485/lib/rs485
[1.060s] Installing id_baud script to /home/gongminsu/motor_test/install/rs485/lib/rs485
[1.060s] Installing imu_pub script to /home/gongminsu/motor_test/install/rs485/lib/rs485
[1.060s] Installing node script to /home/gongminsu/motor_test/install/rs485/lib/rs485
[1.060s] Installing one_cmd_vel script to /home/gongminsu/motor_test/install/rs485/lib/rs485
[1.060s] Installing receiver script to /home/gongminsu/motor_test/install/rs485/lib/rs485
[1.060s] Installing roll_pitch_test script to /home/gongminsu/motor_test/install/rs485/lib/rs485
[1.060s] Installing rqt script to /home/gongminsu/motor_test/install/rs485/lib/rs485
[1.060s] Installing testcode script to /home/gongminsu/motor_test/install/rs485/lib/rs485
[1.060s] Installing transceiver script to /home/gongminsu/motor_test/install/rs485/lib/rs485
[1.060s] Installing zmp_test_imu script to /home/gongminsu/motor_test/install/rs485/lib/rs485
[1.061s] writing list of installed files to '/home/gongminsu/motor_test/build/rs485/install.log'
[1.086s] Invoked command in '/home/gongminsu/motor_test/src/rs485' returned '0': PYTHONPATH=/home/gongminsu/motor_test/build/rs485/prefix_override:/usr/lib/python3/dist-packages/colcon_core/task/python/colcon_distutils_commands:/home/gongminsu/motor_test/install/rs485/lib/python3.10/site-packages:${PYTHONPATH} /usr/bin/python3 -W ignore:setup.py install is deprecated -W ignore:easy_install command is deprecated setup.py egg_info --egg-base ../../build/rs485 build --build-base /home/gongminsu/motor_test/build/rs485/build install --record /home/gongminsu/motor_test/build/rs485/install.log --single-version-externally-managed install_data
