running egg_info
creating ../../build/rs485/rs485.egg-info
writing ../../build/rs485/rs485.egg-info/PKG-INFO
writing dependency_links to ../../build/rs485/rs485.egg-info/dependency_links.txt
writing entry points to ../../build/rs485/rs485.egg-info/entry_points.txt
writing requirements to ../../build/rs485/rs485.egg-info/requires.txt
writing top-level names to ../../build/rs485/rs485.egg-info/top_level.txt
writing manifest file '../../build/rs485/rs485.egg-info/SOURCES.txt'
reading manifest file '../../build/rs485/rs485.egg-info/SOURCES.txt'
writing manifest file '../../build/rs485/rs485.egg-info/SOURCES.txt'
running build
running build_py
creating /home/gongminsu/motor_test/build/rs485/build
creating /home/gongminsu/motor_test/build/rs485/build/lib
creating /home/gongminsu/motor_test/build/rs485/build/lib/rs485
copying rs485/__init__.py -> /home/gongminsu/motor_test/build/rs485/build/lib/rs485
running install
running install_lib
creating /home/gongminsu/motor_test/install/rs485/lib/python3.10/site-packages/rs485
copying /home/gongminsu/motor_test/build/rs485/build/lib/rs485/__init__.py -> /home/gongminsu/motor_test/install/rs485/lib/python3.10/site-packages/rs485
byte-compiling /home/gongminsu/motor_test/install/rs485/lib/python3.10/site-packages/rs485/__init__.py to __init__.cpython-310.pyc
running install_data
creating /home/gongminsu/motor_test/install/rs485/share/ament_index
creating /home/gongminsu/motor_test/install/rs485/share/ament_index/resource_index
creating /home/gongminsu/motor_test/install/rs485/share/ament_index/resource_index/packages
copying resource/rs485 -> /home/gongminsu/motor_test/install/rs485/share/ament_index/resource_index/packages
copying package.xml -> /home/gongminsu/motor_test/install/rs485/share/rs485
running install_egg_info
Copying ../../build/rs485/rs485.egg-info to /home/gongminsu/motor_test/install/rs485/lib/python3.10/site-packages/rs485-0.0.0-py3.10.egg-info
running install_scripts
writing list of installed files to '/home/gongminsu/motor_test/build/rs485/install.log'
