[0.718s] Invoking command in '/home/gongminsu/motor_test/src/rs485': PYTHONPATH=/home/gongminsu/motor_test/build/rs485/prefix_override:/usr/lib/python3/dist-packages/colcon_core/task/python/colcon_distutils_commands:/home/gongminsu/motor_test/install/rs485/lib/python3.10/site-packages:${PYTHONPATH} /usr/bin/python3 -W ignore:setup.py install is deprecated -W ignore:easy_install command is deprecated setup.py egg_info --egg-base ../../build/rs485 build --build-base /home/gongminsu/motor_test/build/rs485/build install --record /home/gongminsu/motor_test/build/rs485/install.log --single-version-externally-managed install_data
[0.989s] running egg_info
[0.989s] creating ../../build/rs485/rs485.egg-info
[0.990s] writing ../../build/rs485/rs485.egg-info/PKG-INFO
[0.990s] writing dependency_links to ../../build/rs485/rs485.egg-info/dependency_links.txt
[0.990s] writing entry points to ../../build/rs485/rs485.egg-info/entry_points.txt
[0.990s] writing requirements to ../../build/rs485/rs485.egg-info/requires.txt
[0.990s] writing top-level names to ../../build/rs485/rs485.egg-info/top_level.txt
[0.991s] writing manifest file '../../build/rs485/rs485.egg-info/SOURCES.txt'
[0.993s] reading manifest file '../../build/rs485/rs485.egg-info/SOURCES.txt'
[0.994s] writing manifest file '../../build/rs485/rs485.egg-info/SOURCES.txt'
[0.994s] running build
[0.994s] running build_py
[0.994s] creating /home/gongminsu/motor_test/build/rs485/build
[0.994s] creating /home/gongminsu/motor_test/build/rs485/build/lib
[0.994s] creating /home/gongminsu/motor_test/build/rs485/build/lib/rs485
[0.994s] copying rs485/__init__.py -> /home/gongminsu/motor_test/build/rs485/build/lib/rs485
[0.994s] running install
[0.994s] running install_lib
[0.995s] creating /home/gongminsu/motor_test/install/rs485/lib/python3.10/site-packages/rs485
[0.995s] copying /home/gongminsu/motor_test/build/rs485/build/lib/rs485/__init__.py -> /home/gongminsu/motor_test/install/rs485/lib/python3.10/site-packages/rs485
[0.996s] byte-compiling /home/gongminsu/motor_test/install/rs485/lib/python3.10/site-packages/rs485/__init__.py to __init__.cpython-310.pyc
[0.996s] running install_data
[0.996s] creating /home/gongminsu/motor_test/install/rs485/share/ament_index
[0.996s] creating /home/gongminsu/motor_test/install/rs485/share/ament_index/resource_index
[0.996s] creating /home/gongminsu/motor_test/install/rs485/share/ament_index/resource_index/packages
[0.996s] copying resource/rs485 -> /home/gongminsu/motor_test/install/rs485/share/ament_index/resource_index/packages
[0.996s] copying package.xml -> /home/gongminsu/motor_test/install/rs485/share/rs485
[0.996s] running install_egg_info
[0.998s] Copying ../../build/rs485/rs485.egg-info to /home/gongminsu/motor_test/install/rs485/lib/python3.10/site-packages/rs485-0.0.0-py3.10.egg-info
[0.999s] running install_scripts
[1.019s] writing list of installed files to '/home/gongminsu/motor_test/build/rs485/install.log'
[1.045s] Invoked command in '/home/gongminsu/motor_test/src/rs485' returned '0': PYTHONPATH=/home/gongminsu/motor_test/build/rs485/prefix_override:/usr/lib/python3/dist-packages/colcon_core/task/python/colcon_distutils_commands:/home/gongminsu/motor_test/install/rs485/lib/python3.10/site-packages:${PYTHONPATH} /usr/bin/python3 -W ignore:setup.py install is deprecated -W ignore:easy_install command is deprecated setup.py egg_info --egg-base ../../build/rs485 build --build-base /home/gongminsu/motor_test/build/rs485/build install --record /home/gongminsu/motor_test/build/rs485/install.log --single-version-externally-managed install_data
