[0.693s] Invoking command in '/home/gongminsu/motor_test/src/rs485': PYTHONPATH=/home/gongminsu/motor_test/build/rs485/prefix_override:/usr/lib/python3/dist-packages/colcon_core/task/python/colcon_distutils_commands:/home/gongminsu/motor_test/install/rs485/lib/python3.10/site-packages:${PYTHONPATH} /usr/bin/python3 -W ignore:setup.py install is deprecated -W ignore:easy_install command is deprecated setup.py egg_info --egg-base ../../build/rs485 build --build-base /home/gongminsu/motor_test/build/rs485/build install --record /home/gongminsu/motor_test/build/rs485/install.log --single-version-externally-managed install_data
[0.959s] running egg_info
[0.960s] writing ../../build/rs485/rs485.egg-info/PKG-INFO
[0.960s] writing dependency_links to ../../build/rs485/rs485.egg-info/dependency_links.txt
[0.960s] writing entry points to ../../build/rs485/rs485.egg-info/entry_points.txt
[0.960s] writing requirements to ../../build/rs485/rs485.egg-info/requires.txt
[0.960s] writing top-level names to ../../build/rs485/rs485.egg-info/top_level.txt
[0.964s] reading manifest file '../../build/rs485/rs485.egg-info/SOURCES.txt'
[0.964s] writing manifest file '../../build/rs485/rs485.egg-info/SOURCES.txt'
[0.965s] running build
[0.965s] running build_py
[0.965s] copying rs485/cmd_vel.py -> /home/gongminsu/motor_test/build/rs485/build/lib/rs485
[0.965s] running install
[0.966s] running install_lib
[0.967s] copying /home/gongminsu/motor_test/build/rs485/build/lib/rs485/cmd_vel.py -> /home/gongminsu/motor_test/install/rs485/lib/python3.10/site-packages/rs485
[0.968s] byte-compiling /home/gongminsu/motor_test/install/rs485/lib/python3.10/site-packages/rs485/cmd_vel.py to cmd_vel.cpython-310.pyc
[0.969s] running install_data
[0.969s] running install_egg_info
[0.971s] removing '/home/gongminsu/motor_test/install/rs485/lib/python3.10/site-packages/rs485-0.0.0-py3.10.egg-info' (and everything under it)
[0.971s] Copying ../../build/rs485/rs485.egg-info to /home/gongminsu/motor_test/install/rs485/lib/python3.10/site-packages/rs485-0.0.0-py3.10.egg-info
[0.972s] running install_scripts
[0.993s] Installing TSS_test script to /home/gongminsu/motor_test/install/rs485/lib/rs485
[0.993s] Installing base_broad script to /home/gongminsu/motor_test/install/rs485/lib/rs485
[0.993s] Installing base_broad_imu script to /home/gongminsu/motor_test/install/rs485/lib/rs485
[0.993s] Installing cmd_vel script to /home/gongminsu/motor_test/install/rs485/lib/rs485
[0.994s] Installing co script to /home/gongminsu/motor_test/install/rs485/lib/rs485
[0.994s] Installing id_baud script to /home/gongminsu/motor_test/install/rs485/lib/rs485
[0.994s] Installing node script to /home/gongminsu/motor_test/install/rs485/lib/rs485
[0.994s] Installing receiver script to /home/gongminsu/motor_test/install/rs485/lib/rs485
[0.994s] Installing testcode script to /home/gongminsu/motor_test/install/rs485/lib/rs485
[0.994s] Installing transceiver script to /home/gongminsu/motor_test/install/rs485/lib/rs485
[0.994s] Installing zmp_test_imu script to /home/gongminsu/motor_test/install/rs485/lib/rs485
[0.994s] writing list of installed files to '/home/gongminsu/motor_test/build/rs485/install.log'
[1.019s] Invoked command in '/home/gongminsu/motor_test/src/rs485' returned '0': PYTHONPATH=/home/gongminsu/motor_test/build/rs485/prefix_override:/usr/lib/python3/dist-packages/colcon_core/task/python/colcon_distutils_commands:/home/gongminsu/motor_test/install/rs485/lib/python3.10/site-packages:${PYTHONPATH} /usr/bin/python3 -W ignore:setup.py install is deprecated -W ignore:easy_install command is deprecated setup.py egg_info --egg-base ../../build/rs485 build --build-base /home/gongminsu/motor_test/build/rs485/build install --record /home/gongminsu/motor_test/build/rs485/install.log --single-version-externally-managed install_data
