[0.783s] Invoking command in '/home/gongminsu/motor_test/src/rs485': PYTHONPATH=/home/gongminsu/motor_test/build/rs485/prefix_override:/usr/lib/python3/dist-packages/colcon_core/task/python/colcon_distutils_commands:/home/gongminsu/motor_test/install/rs485/lib/python3.10/site-packages: /usr/bin/python3 -W ignore:setup.py install is deprecated -W ignore:easy_install command is deprecated setup.py egg_info --egg-base ../../build/rs485 build --build-base /home/gongminsu/motor_test/build/rs485/build install --record /home/gongminsu/motor_test/build/rs485/install.log --single-version-externally-managed install_data
[1.065s] running egg_info
[1.068s] writing ../../build/rs485/rs485.egg-info/PKG-INFO
[1.068s] writing dependency_links to ../../build/rs485/rs485.egg-info/dependency_links.txt
[1.068s] writing entry points to ../../build/rs485/rs485.egg-info/entry_points.txt
[1.069s] writing requirements to ../../build/rs485/rs485.egg-info/requires.txt
[1.069s] writing top-level names to ../../build/rs485/rs485.egg-info/top_level.txt
[1.075s] reading manifest file '../../build/rs485/rs485.egg-info/SOURCES.txt'
[1.077s] writing manifest file '../../build/rs485/rs485.egg-info/SOURCES.txt'
[1.078s] running build
[1.078s] running build_py
[1.079s] copying rs485/test_ccw.py -> /home/gongminsu/motor_test/build/rs485/build/lib/rs485
[1.080s] running install
[1.082s] running install_lib
[1.084s] copying /home/gongminsu/motor_test/build/rs485/build/lib/rs485/test_ccw.py -> /home/gongminsu/motor_test/install/rs485/lib/python3.10/site-packages/rs485
[1.085s] byte-compiling /home/gongminsu/motor_test/install/rs485/lib/python3.10/site-packages/rs485/test_ccw.py to test_ccw.cpython-310.pyc
[1.087s] running install_data
[1.087s] running install_egg_info
[1.090s] removing '/home/gongminsu/motor_test/install/rs485/lib/python3.10/site-packages/rs485-0.0.0-py3.10.egg-info' (and everything under it)
[1.091s] Copying ../../build/rs485/rs485.egg-info to /home/gongminsu/motor_test/install/rs485/lib/python3.10/site-packages/rs485-0.0.0-py3.10.egg-info
[1.092s] running install_scripts
[1.117s] Installing id_baud script to /home/gongminsu/motor_test/install/rs485/lib/rs485
[1.117s] Installing test_ccw script to /home/gongminsu/motor_test/install/rs485/lib/rs485
[1.117s] writing list of installed files to '/home/gongminsu/motor_test/build/rs485/install.log'
[1.154s] Invoked command in '/home/gongminsu/motor_test/src/rs485' returned '0': PYTHONPATH=/home/gongminsu/motor_test/build/rs485/prefix_override:/usr/lib/python3/dist-packages/colcon_core/task/python/colcon_distutils_commands:/home/gongminsu/motor_test/install/rs485/lib/python3.10/site-packages: /usr/bin/python3 -W ignore:setup.py install is deprecated -W ignore:easy_install command is deprecated setup.py egg_info --egg-base ../../build/rs485 build --build-base /home/gongminsu/motor_test/build/rs485/build install --record /home/gongminsu/motor_test/build/rs485/install.log --single-version-externally-managed install_data
