running egg_info
writing ../../build/rs485/rs485.egg-info/PKG-INFO
writing dependency_links to ../../build/rs485/rs485.egg-info/dependency_links.txt
writing entry points to ../../build/rs485/rs485.egg-info/entry_points.txt
writing requirements to ../../build/rs485/rs485.egg-info/requires.txt
writing top-level names to ../../build/rs485/rs485.egg-info/top_level.txt
reading manifest file '../../build/rs485/rs485.egg-info/SOURCES.txt'
writing manifest file '../../build/rs485/rs485.egg-info/SOURCES.txt'
running build
running build_py
copying rs485/base_broad.py -> /home/gongminsu/motor_test/build/rs485/build/lib/rs485
copying rs485/zmp_controller_1.py -> /home/gongminsu/motor_test/build/rs485/build/lib/rs485
running install
running install_lib
copying /home/gongminsu/motor_test/build/rs485/build/lib/rs485/base_broad.py -> /home/gongminsu/motor_test/install/rs485/lib/python3.10/site-packages/rs485
copying /home/gongminsu/motor_test/build/rs485/build/lib/rs485/zmp_controller_1.py -> /home/gongminsu/motor_test/install/rs485/lib/python3.10/site-packages/rs485
byte-compiling /home/gongminsu/motor_test/install/rs485/lib/python3.10/site-packages/rs485/base_broad.py to base_broad.cpython-310.pyc
byte-compiling /home/gongminsu/motor_test/install/rs485/lib/python3.10/site-packages/rs485/zmp_controller_1.py to zmp_controller_1.cpython-310.pyc
running install_data
running install_egg_info
removing '/home/gongminsu/motor_test/install/rs485/lib/python3.10/site-packages/rs485-0.0.0-py3.10.egg-info' (and everything under it)
Copying ../../build/rs485/rs485.egg-info to /home/gongminsu/motor_test/install/rs485/lib/python3.10/site-packages/rs485-0.0.0-py3.10.egg-info
running install_scripts
Installing base_broad script to /home/gongminsu/motor_test/install/rs485/lib/rs485
Installing cmd_vel script to /home/gongminsu/motor_test/install/rs485/lib/rs485
Installing co script to /home/gongminsu/motor_test/install/rs485/lib/rs485
Installing id_baud script to /home/gongminsu/motor_test/install/rs485/lib/rs485
Installing node script to /home/gongminsu/motor_test/install/rs485/lib/rs485
Installing receiver script to /home/gongminsu/motor_test/install/rs485/lib/rs485
Installing testcode script to /home/gongminsu/motor_test/install/rs485/lib/rs485
Installing transceiver script to /home/gongminsu/motor_test/install/rs485/lib/rs485
Installing zmp_controller_1 script to /home/gongminsu/motor_test/install/rs485/lib/rs485
writing list of installed files to '/home/gongminsu/motor_test/build/rs485/install.log'
