[0.992s] Invoking command in '/home/gongminsu/motor_test/src/rs485': PYTHONPATH=/home/gongminsu/motor_test/build/rs485/prefix_override:/usr/lib/python3/dist-packages/colcon_core/task/python/colcon_distutils_commands:/home/gongminsu/motor_test/install/rs485/lib/python3.10/site-packages:${PYTHONPATH} /usr/bin/python3 -W ignore:setup.py install is deprecated -W ignore:easy_install command is deprecated setup.py egg_info --egg-base ../../build/rs485 build --build-base /home/gongminsu/motor_test/build/rs485/build install --record /home/gongminsu/motor_test/build/rs485/install.log --single-version-externally-managed install_data
[1.360s] running egg_info
[1.361s] writing ../../build/rs485/rs485.egg-info/PKG-INFO
[1.362s] writing dependency_links to ../../build/rs485/rs485.egg-info/dependency_links.txt
[1.362s] writing entry points to ../../build/rs485/rs485.egg-info/entry_points.txt
[1.362s] writing requirements to ../../build/rs485/rs485.egg-info/requires.txt
[1.362s] writing top-level names to ../../build/rs485/rs485.egg-info/top_level.txt
[1.366s] reading manifest file '../../build/rs485/rs485.egg-info/SOURCES.txt'
[1.367s] writing manifest file '../../build/rs485/rs485.egg-info/SOURCES.txt'
[1.367s] running build
[1.367s] running build_py
[1.367s] copying rs485/reciever.py -> /home/gongminsu/motor_test/build/rs485/build/lib/rs485
[1.369s] running install
[1.370s] running install_lib
[1.373s] copying /home/gongminsu/motor_test/build/rs485/build/lib/rs485/reciever.py -> /home/gongminsu/motor_test/install/rs485/lib/python3.10/site-packages/rs485
[1.374s] byte-compiling /home/gongminsu/motor_test/install/rs485/lib/python3.10/site-packages/rs485/reciever.py to reciever.cpython-310.pyc
[1.376s] running install_data
[1.376s] running install_egg_info
[1.379s] removing '/home/gongminsu/motor_test/install/rs485/lib/python3.10/site-packages/rs485-0.0.0-py3.10.egg-info' (and everything under it)
[1.379s] Copying ../../build/rs485/rs485.egg-info to /home/gongminsu/motor_test/install/rs485/lib/python3.10/site-packages/rs485-0.0.0-py3.10.egg-info
[1.380s] running install_scripts
[1.409s] Installing cmd_vel script to /home/gongminsu/motor_test/install/rs485/lib/rs485
[1.410s] Installing id_baud script to /home/gongminsu/motor_test/install/rs485/lib/rs485
[1.410s] Installing reciever script to /home/gongminsu/motor_test/install/rs485/lib/rs485
[1.410s] Installing sub script to /home/gongminsu/motor_test/install/rs485/lib/rs485
[1.410s] writing list of installed files to '/home/gongminsu/motor_test/build/rs485/install.log'
[1.464s] Invoked command in '/home/gongminsu/motor_test/src/rs485' returned '0': PYTHONPATH=/home/gongminsu/motor_test/build/rs485/prefix_override:/usr/lib/python3/dist-packages/colcon_core/task/python/colcon_distutils_commands:/home/gongminsu/motor_test/install/rs485/lib/python3.10/site-packages:${PYTHONPATH} /usr/bin/python3 -W ignore:setup.py install is deprecated -W ignore:easy_install command is deprecated setup.py egg_info --egg-base ../../build/rs485 build --build-base /home/gongminsu/motor_test/build/rs485/build install --record /home/gongminsu/motor_test/build/rs485/install.log --single-version-externally-managed install_data
