[0.746s] Invoking command in '/home/gongminsu/motor_test/src/rs485': PYTHONPATH=/home/gongminsu/motor_test/build/rs485/prefix_override:/usr/lib/python3/dist-packages/colcon_core/task/python/colcon_distutils_commands:/home/gongminsu/motor_test/install/rs485/lib/python3.10/site-packages:${PYTHONPATH} /usr/bin/python3 -W ignore:setup.py install is deprecated -W ignore:easy_install command is deprecated setup.py egg_info --egg-base ../../build/rs485 build --build-base /home/gongminsu/motor_test/build/rs485/build install --record /home/gongminsu/motor_test/build/rs485/install.log --single-version-externally-managed install_data
[1.014s] running egg_info
[1.015s] writing ../../build/rs485/rs485.egg-info/PKG-INFO
[1.015s] writing dependency_links to ../../build/rs485/rs485.egg-info/dependency_links.txt
[1.015s] writing entry points to ../../build/rs485/rs485.egg-info/entry_points.txt
[1.015s] writing requirements to ../../build/rs485/rs485.egg-info/requires.txt
[1.015s] writing top-level names to ../../build/rs485/rs485.egg-info/top_level.txt
[1.018s] reading manifest file '../../build/rs485/rs485.egg-info/SOURCES.txt'
[1.019s] writing manifest file '../../build/rs485/rs485.egg-info/SOURCES.txt'
[1.019s] running build
[1.020s] running build_py
[1.020s] copying rs485/diff_cmd_vel.py -> /home/gongminsu/motor_test/build/rs485/build/lib/rs485
[1.021s] running install
[1.021s] running install_lib
[1.022s] copying /home/gongminsu/motor_test/build/rs485/build/lib/rs485/diff_cmd_vel.py -> /home/gongminsu/motor_test/install/rs485/lib/python3.10/site-packages/rs485
[1.023s] byte-compiling /home/gongminsu/motor_test/install/rs485/lib/python3.10/site-packages/rs485/diff_cmd_vel.py to diff_cmd_vel.cpython-310.pyc
[1.025s] running install_data
[1.025s] running install_egg_info
[1.027s] removing '/home/gongminsu/motor_test/install/rs485/lib/python3.10/site-packages/rs485-0.0.0-py3.10.egg-info' (and everything under it)
[1.027s] Copying ../../build/rs485/rs485.egg-info to /home/gongminsu/motor_test/install/rs485/lib/python3.10/site-packages/rs485-0.0.0-py3.10.egg-info
[1.028s] running install_scripts
[1.050s] Installing TSS_test script to /home/gongminsu/motor_test/install/rs485/lib/rs485
[1.050s] Installing base_broad script to /home/gongminsu/motor_test/install/rs485/lib/rs485
[1.050s] Installing base_broad_imu script to /home/gongminsu/motor_test/install/rs485/lib/rs485
[1.050s] Installing base_track_broad script to /home/gongminsu/motor_test/install/rs485/lib/rs485
[1.050s] Installing co script to /home/gongminsu/motor_test/install/rs485/lib/rs485
[1.051s] Installing diff_cmd_vel script to /home/gongminsu/motor_test/install/rs485/lib/rs485
[1.051s] Installing id_baud script to /home/gongminsu/motor_test/install/rs485/lib/rs485
[1.051s] Installing imu_pub script to /home/gongminsu/motor_test/install/rs485/lib/rs485
[1.051s] Installing node script to /home/gongminsu/motor_test/install/rs485/lib/rs485
[1.051s] Installing one_cmd_vel script to /home/gongminsu/motor_test/install/rs485/lib/rs485
[1.051s] Installing receiver script to /home/gongminsu/motor_test/install/rs485/lib/rs485
[1.051s] Installing roll_pitch_test script to /home/gongminsu/motor_test/install/rs485/lib/rs485
[1.051s] Installing rqt script to /home/gongminsu/motor_test/install/rs485/lib/rs485
[1.051s] Installing testcode script to /home/gongminsu/motor_test/install/rs485/lib/rs485
[1.052s] Installing transceiver script to /home/gongminsu/motor_test/install/rs485/lib/rs485
[1.052s] Installing zmp_test_imu script to /home/gongminsu/motor_test/install/rs485/lib/rs485
[1.052s] writing list of installed files to '/home/gongminsu/motor_test/build/rs485/install.log'
[1.076s] Invoked command in '/home/gongminsu/motor_test/src/rs485' returned '0': PYTHONPATH=/home/gongminsu/motor_test/build/rs485/prefix_override:/usr/lib/python3/dist-packages/colcon_core/task/python/colcon_distutils_commands:/home/gongminsu/motor_test/install/rs485/lib/python3.10/site-packages:${PYTHONPATH} /usr/bin/python3 -W ignore:setup.py install is deprecated -W ignore:easy_install command is deprecated setup.py egg_info --egg-base ../../build/rs485 build --build-base /home/gongminsu/motor_test/build/rs485/build install --record /home/gongminsu/motor_test/build/rs485/install.log --single-version-externally-managed install_data
