[0.718s] Invoking command in '/home/gongminsu/motor_test/src/rs485': PYTHONPATH=/home/gongminsu/motor_test/build/rs485/prefix_override:/usr/lib/python3/dist-packages/colcon_core/task/python/colcon_distutils_commands:/home/gongminsu/motor_test/install/rs485/lib/python3.10/site-packages:${PYTHONPATH} /usr/bin/python3 -W ignore:setup.py install is deprecated -W ignore:easy_install command is deprecated setup.py egg_info --egg-base ../../build/rs485 build --build-base /home/gongminsu/motor_test/build/rs485/build install --record /home/gongminsu/motor_test/build/rs485/install.log --single-version-externally-managed install_data
[0.987s] running egg_info
[0.987s] writing ../../build/rs485/rs485.egg-info/PKG-INFO
[0.987s] writing dependency_links to ../../build/rs485/rs485.egg-info/dependency_links.txt
[0.988s] writing entry points to ../../build/rs485/rs485.egg-info/entry_points.txt
[0.988s] writing requirements to ../../build/rs485/rs485.egg-info/requires.txt
[0.988s] writing top-level names to ../../build/rs485/rs485.egg-info/top_level.txt
[0.991s] reading manifest file '../../build/rs485/rs485.egg-info/SOURCES.txt'
[0.992s] writing manifest file '../../build/rs485/rs485.egg-info/SOURCES.txt'
[0.992s] running build
[0.992s] running build_py
[0.993s] copying rs485/diff_cmd_vel.py -> /home/gongminsu/motor_test/build/rs485/build/lib/rs485
[0.993s] copying rs485/zmp_test_imu.py -> /home/gongminsu/motor_test/build/rs485/build/lib/rs485
[0.993s] running install
[0.994s] running install_lib
[0.995s] copying /home/gongminsu/motor_test/build/rs485/build/lib/rs485/diff_cmd_vel.py -> /home/gongminsu/motor_test/install/rs485/lib/python3.10/site-packages/rs485
[0.995s] copying /home/gongminsu/motor_test/build/rs485/build/lib/rs485/zmp_test_imu.py -> /home/gongminsu/motor_test/install/rs485/lib/python3.10/site-packages/rs485
[0.996s] byte-compiling /home/gongminsu/motor_test/install/rs485/lib/python3.10/site-packages/rs485/diff_cmd_vel.py to diff_cmd_vel.cpython-310.pyc
[0.998s] byte-compiling /home/gongminsu/motor_test/install/rs485/lib/python3.10/site-packages/rs485/zmp_test_imu.py to zmp_test_imu.cpython-310.pyc
[1.001s] running install_data
[1.001s] running install_egg_info
[1.002s] removing '/home/gongminsu/motor_test/install/rs485/lib/python3.10/site-packages/rs485-0.0.0-py3.10.egg-info' (and everything under it)
[1.003s] Copying ../../build/rs485/rs485.egg-info to /home/gongminsu/motor_test/install/rs485/lib/python3.10/site-packages/rs485-0.0.0-py3.10.egg-info
[1.003s] running install_scripts
[1.024s] Installing TSS_test script to /home/gongminsu/motor_test/install/rs485/lib/rs485
[1.024s] Installing base_broad script to /home/gongminsu/motor_test/install/rs485/lib/rs485
[1.024s] Installing base_broad_imu script to /home/gongminsu/motor_test/install/rs485/lib/rs485
[1.024s] Installing base_track_broad script to /home/gongminsu/motor_test/install/rs485/lib/rs485
[1.024s] Installing co script to /home/gongminsu/motor_test/install/rs485/lib/rs485
[1.024s] Installing diff_cmd_vel script to /home/gongminsu/motor_test/install/rs485/lib/rs485
[1.025s] Installing id_baud script to /home/gongminsu/motor_test/install/rs485/lib/rs485
[1.025s] Installing imu_pub script to /home/gongminsu/motor_test/install/rs485/lib/rs485
[1.025s] Installing node script to /home/gongminsu/motor_test/install/rs485/lib/rs485
[1.025s] Installing one_cmd_vel script to /home/gongminsu/motor_test/install/rs485/lib/rs485
[1.025s] Installing receiver script to /home/gongminsu/motor_test/install/rs485/lib/rs485
[1.025s] Installing roll_pitch_test script to /home/gongminsu/motor_test/install/rs485/lib/rs485
[1.025s] Installing rqt script to /home/gongminsu/motor_test/install/rs485/lib/rs485
[1.025s] Installing testcode script to /home/gongminsu/motor_test/install/rs485/lib/rs485
[1.025s] Installing transceiver script to /home/gongminsu/motor_test/install/rs485/lib/rs485
[1.025s] Installing zmp_test_imu script to /home/gongminsu/motor_test/install/rs485/lib/rs485
[1.026s] writing list of installed files to '/home/gongminsu/motor_test/build/rs485/install.log'
[1.053s] Invoked command in '/home/gongminsu/motor_test/src/rs485' returned '0': PYTHONPATH=/home/gongminsu/motor_test/build/rs485/prefix_override:/usr/lib/python3/dist-packages/colcon_core/task/python/colcon_distutils_commands:/home/gongminsu/motor_test/install/rs485/lib/python3.10/site-packages:${PYTHONPATH} /usr/bin/python3 -W ignore:setup.py install is deprecated -W ignore:easy_install command is deprecated setup.py egg_info --egg-base ../../build/rs485 build --build-base /home/gongminsu/motor_test/build/rs485/build install --record /home/gongminsu/motor_test/build/rs485/install.log --single-version-externally-managed install_data
