[0.741s] Invoking command in '/home/gongminsu/motor_test/src/rs485': PYTHONPATH=/home/gongminsu/motor_test/build/rs485/prefix_override:/usr/lib/python3/dist-packages/colcon_core/task/python/colcon_distutils_commands:/home/gongminsu/motor_test/install/rs485/lib/python3.10/site-packages:${PYTHONPATH} /usr/bin/python3 -W ignore:setup.py install is deprecated -W ignore:easy_install command is deprecated setup.py egg_info --egg-base ../../build/rs485 build --build-base /home/gongminsu/motor_test/build/rs485/build install --record /home/gongminsu/motor_test/build/rs485/install.log --single-version-externally-managed install_data
[1.016s] running egg_info
[1.016s] writing ../../build/rs485/rs485.egg-info/PKG-INFO
[1.017s] writing dependency_links to ../../build/rs485/rs485.egg-info/dependency_links.txt
[1.017s] writing entry points to ../../build/rs485/rs485.egg-info/entry_points.txt
[1.017s] writing requirements to ../../build/rs485/rs485.egg-info/requires.txt
[1.017s] writing top-level names to ../../build/rs485/rs485.egg-info/top_level.txt
[1.020s] reading manifest file '../../build/rs485/rs485.egg-info/SOURCES.txt'
[1.021s] writing manifest file '../../build/rs485/rs485.egg-info/SOURCES.txt'
[1.021s] running build
[1.021s] running build_py
[1.021s] copying rs485/python.py -> /home/gongminsu/motor_test/build/rs485/build/lib/rs485
[1.022s] copying rs485/testcode.py -> /home/gongminsu/motor_test/build/rs485/build/lib/rs485
[1.022s] running install
[1.022s] running install_lib
[1.024s] copying /home/gongminsu/motor_test/build/rs485/build/lib/rs485/python.py -> /home/gongminsu/motor_test/install/rs485/lib/python3.10/site-packages/rs485
[1.024s] copying /home/gongminsu/motor_test/build/rs485/build/lib/rs485/testcode.py -> /home/gongminsu/motor_test/install/rs485/lib/python3.10/site-packages/rs485
[1.025s] byte-compiling /home/gongminsu/motor_test/install/rs485/lib/python3.10/site-packages/rs485/python.py to python.cpython-310.pyc
[1.025s] byte-compiling /home/gongminsu/motor_test/install/rs485/lib/python3.10/site-packages/rs485/testcode.py to testcode.cpython-310.pyc
[1.027s] running install_data
[1.028s] running install_egg_info
[1.030s] removing '/home/gongminsu/motor_test/install/rs485/lib/python3.10/site-packages/rs485-0.0.0-py3.10.egg-info' (and everything under it)
[1.030s] Copying ../../build/rs485/rs485.egg-info to /home/gongminsu/motor_test/install/rs485/lib/python3.10/site-packages/rs485-0.0.0-py3.10.egg-info
[1.031s] running install_scripts
[1.052s] Installing base_broad script to /home/gongminsu/motor_test/install/rs485/lib/rs485
[1.052s] Installing cmd_vel script to /home/gongminsu/motor_test/install/rs485/lib/rs485
[1.052s] Installing id_baud script to /home/gongminsu/motor_test/install/rs485/lib/rs485
[1.052s] Installing receiver script to /home/gongminsu/motor_test/install/rs485/lib/rs485
[1.052s] Installing testcode script to /home/gongminsu/motor_test/install/rs485/lib/rs485
[1.053s] Installing transceiver script to /home/gongminsu/motor_test/install/rs485/lib/rs485
[1.053s] writing list of installed files to '/home/gongminsu/motor_test/build/rs485/install.log'
[1.079s] Invoked command in '/home/gongminsu/motor_test/src/rs485' returned '0': PYTHONPATH=/home/gongminsu/motor_test/build/rs485/prefix_override:/usr/lib/python3/dist-packages/colcon_core/task/python/colcon_distutils_commands:/home/gongminsu/motor_test/install/rs485/lib/python3.10/site-packages:${PYTHONPATH} /usr/bin/python3 -W ignore:setup.py install is deprecated -W ignore:easy_install command is deprecated setup.py egg_info --egg-base ../../build/rs485 build --build-base /home/gongminsu/motor_test/build/rs485/build install --record /home/gongminsu/motor_test/build/rs485/install.log --single-version-externally-managed install_data
