[0.761s] Invoking command in '/home/gongminsu/motor_test/src/rs485': PYTHONPATH=/home/gongminsu/motor_test/build/rs485/prefix_override:/usr/lib/python3/dist-packages/colcon_core/task/python/colcon_distutils_commands:/home/gongminsu/motor_test/install/rs485/lib/python3.10/site-packages:${PYTHONPATH} /usr/bin/python3 -W ignore:setup.py install is deprecated -W ignore:easy_install command is deprecated setup.py egg_info --egg-base ../../build/rs485 build --build-base /home/gongminsu/motor_test/build/rs485/build install --record /home/gongminsu/motor_test/build/rs485/install.log --single-version-externally-managed install_data
[1.031s] running egg_info
[1.031s] writing ../../build/rs485/rs485.egg-info/PKG-INFO
[1.032s] writing dependency_links to ../../build/rs485/rs485.egg-info/dependency_links.txt
[1.032s] writing entry points to ../../build/rs485/rs485.egg-info/entry_points.txt
[1.032s] writing requirements to ../../build/rs485/rs485.egg-info/requires.txt
[1.032s] writing top-level names to ../../build/rs485/rs485.egg-info/top_level.txt
[1.043s] reading manifest file '../../build/rs485/rs485.egg-info/SOURCES.txt'
[1.044s] writing manifest file '../../build/rs485/rs485.egg-info/SOURCES.txt'
[1.045s] running build
[1.045s] running build_py
[1.045s] copying rs485/base_broad_imu.py -> /home/gongminsu/motor_test/build/rs485/build/lib/rs485
[1.045s] copying rs485/cmd_vel.py -> /home/gongminsu/motor_test/build/rs485/build/lib/rs485
[1.046s] copying rs485/zmp_test_imu.py -> /home/gongminsu/motor_test/build/rs485/build/lib/rs485
[1.046s] running install
[1.046s] running install_lib
[1.047s] copying /home/gongminsu/motor_test/build/rs485/build/lib/rs485/base_broad_imu.py -> /home/gongminsu/motor_test/install/rs485/lib/python3.10/site-packages/rs485
[1.048s] copying /home/gongminsu/motor_test/build/rs485/build/lib/rs485/cmd_vel.py -> /home/gongminsu/motor_test/install/rs485/lib/python3.10/site-packages/rs485
[1.048s] copying /home/gongminsu/motor_test/build/rs485/build/lib/rs485/zmp_test_imu.py -> /home/gongminsu/motor_test/install/rs485/lib/python3.10/site-packages/rs485
[1.048s] byte-compiling /home/gongminsu/motor_test/install/rs485/lib/python3.10/site-packages/rs485/base_broad_imu.py to base_broad_imu.cpython-310.pyc
[1.050s] byte-compiling /home/gongminsu/motor_test/install/rs485/lib/python3.10/site-packages/rs485/cmd_vel.py to cmd_vel.cpython-310.pyc
[1.052s] byte-compiling /home/gongminsu/motor_test/install/rs485/lib/python3.10/site-packages/rs485/zmp_test_imu.py to zmp_test_imu.cpython-310.pyc
[1.053s] running install_data
[1.054s] running install_egg_info
[1.056s] removing '/home/gongminsu/motor_test/install/rs485/lib/python3.10/site-packages/rs485-0.0.0-py3.10.egg-info' (and everything under it)
[1.056s] Copying ../../build/rs485/rs485.egg-info to /home/gongminsu/motor_test/install/rs485/lib/python3.10/site-packages/rs485-0.0.0-py3.10.egg-info
[1.057s] running install_scripts
[1.078s] Installing TSS_test script to /home/gongminsu/motor_test/install/rs485/lib/rs485
[1.078s] Installing base_broad script to /home/gongminsu/motor_test/install/rs485/lib/rs485
[1.078s] Installing base_broad_imu script to /home/gongminsu/motor_test/install/rs485/lib/rs485
[1.078s] Installing cmd_vel script to /home/gongminsu/motor_test/install/rs485/lib/rs485
[1.078s] Installing co script to /home/gongminsu/motor_test/install/rs485/lib/rs485
[1.078s] Installing id_baud script to /home/gongminsu/motor_test/install/rs485/lib/rs485
[1.078s] Installing node script to /home/gongminsu/motor_test/install/rs485/lib/rs485
[1.079s] Installing receiver script to /home/gongminsu/motor_test/install/rs485/lib/rs485
[1.079s] Installing testcode script to /home/gongminsu/motor_test/install/rs485/lib/rs485
[1.079s] Installing transceiver script to /home/gongminsu/motor_test/install/rs485/lib/rs485
[1.079s] Installing zmp_test_imu script to /home/gongminsu/motor_test/install/rs485/lib/rs485
[1.079s] writing list of installed files to '/home/gongminsu/motor_test/build/rs485/install.log'
[1.103s] Invoked command in '/home/gongminsu/motor_test/src/rs485' returned '0': PYTHONPATH=/home/gongminsu/motor_test/build/rs485/prefix_override:/usr/lib/python3/dist-packages/colcon_core/task/python/colcon_distutils_commands:/home/gongminsu/motor_test/install/rs485/lib/python3.10/site-packages:${PYTHONPATH} /usr/bin/python3 -W ignore:setup.py install is deprecated -W ignore:easy_install command is deprecated setup.py egg_info --egg-base ../../build/rs485 build --build-base /home/gongminsu/motor_test/build/rs485/build install --record /home/gongminsu/motor_test/build/rs485/install.log --single-version-externally-managed install_data
