[0.750s] Invoking command in '/home/gongminsu/motor_test/src/rs485': PYTHONPATH=/home/gongminsu/motor_test/build/rs485/prefix_override:/usr/lib/python3/dist-packages/colcon_core/task/python/colcon_distutils_commands:/home/gongminsu/motor_test/install/rs485/lib/python3.10/site-packages:${PYTHONPATH} /usr/bin/python3 -W ignore:setup.py install is deprecated -W ignore:easy_install command is deprecated setup.py egg_info --egg-base ../../build/rs485 build --build-base /home/gongminsu/motor_test/build/rs485/build install --record /home/gongminsu/motor_test/build/rs485/install.log --single-version-externally-managed install_data
[1.024s] running egg_info
[1.024s] writing ../../build/rs485/rs485.egg-info/PKG-INFO
[1.024s] writing dependency_links to ../../build/rs485/rs485.egg-info/dependency_links.txt
[1.025s] writing entry points to ../../build/rs485/rs485.egg-info/entry_points.txt
[1.025s] writing requirements to ../../build/rs485/rs485.egg-info/requires.txt
[1.025s] writing top-level names to ../../build/rs485/rs485.egg-info/top_level.txt
[1.030s] reading manifest file '../../build/rs485/rs485.egg-info/SOURCES.txt'
[1.032s] writing manifest file '../../build/rs485/rs485.egg-info/SOURCES.txt'
[1.032s] running build
[1.032s] running build_py
[1.033s] copying rs485/zmp_controller_1.py -> /home/gongminsu/motor_test/build/rs485/build/lib/rs485
[1.033s] running install
[1.033s] running install_lib
[1.034s] copying /home/gongminsu/motor_test/build/rs485/build/lib/rs485/zmp_controller_1.py -> /home/gongminsu/motor_test/install/rs485/lib/python3.10/site-packages/rs485
[1.035s] byte-compiling /home/gongminsu/motor_test/install/rs485/lib/python3.10/site-packages/rs485/zmp_controller_1.py to zmp_controller_1.cpython-310.pyc
[1.037s] running install_data
[1.037s] running install_egg_info
[1.039s] removing '/home/gongminsu/motor_test/install/rs485/lib/python3.10/site-packages/rs485-0.0.0-py3.10.egg-info' (and everything under it)
[1.039s] Copying ../../build/rs485/rs485.egg-info to /home/gongminsu/motor_test/install/rs485/lib/python3.10/site-packages/rs485-0.0.0-py3.10.egg-info
[1.040s] running install_scripts
[1.061s] Installing base_broad script to /home/gongminsu/motor_test/install/rs485/lib/rs485
[1.062s] Installing cmd_vel script to /home/gongminsu/motor_test/install/rs485/lib/rs485
[1.062s] Installing co script to /home/gongminsu/motor_test/install/rs485/lib/rs485
[1.062s] Installing id_baud script to /home/gongminsu/motor_test/install/rs485/lib/rs485
[1.062s] Installing node script to /home/gongminsu/motor_test/install/rs485/lib/rs485
[1.062s] Installing receiver script to /home/gongminsu/motor_test/install/rs485/lib/rs485
[1.062s] Installing testcode script to /home/gongminsu/motor_test/install/rs485/lib/rs485
[1.062s] Installing transceiver script to /home/gongminsu/motor_test/install/rs485/lib/rs485
[1.062s] Installing zmp_controller_1 script to /home/gongminsu/motor_test/install/rs485/lib/rs485
[1.063s] writing list of installed files to '/home/gongminsu/motor_test/build/rs485/install.log'
[1.087s] Invoked command in '/home/gongminsu/motor_test/src/rs485' returned '0': PYTHONPATH=/home/gongminsu/motor_test/build/rs485/prefix_override:/usr/lib/python3/dist-packages/colcon_core/task/python/colcon_distutils_commands:/home/gongminsu/motor_test/install/rs485/lib/python3.10/site-packages:${PYTHONPATH} /usr/bin/python3 -W ignore:setup.py install is deprecated -W ignore:easy_install command is deprecated setup.py egg_info --egg-base ../../build/rs485 build --build-base /home/gongminsu/motor_test/build/rs485/build install --record /home/gongminsu/motor_test/build/rs485/install.log --single-version-externally-managed install_data
