[0.835s] Invoking command in '/home/gongminsu/motor_test/src/rs485': PYTHONPATH=/home/gongminsu/motor_test/build/rs485/prefix_override:/usr/lib/python3/dist-packages/colcon_core/task/python/colcon_distutils_commands:/home/gongminsu/motor_test/install/rs485/lib/python3.10/site-packages:${PYTHONPATH} /usr/bin/python3 -W ignore:setup.py install is deprecated -W ignore:easy_install command is deprecated setup.py egg_info --egg-base ../../build/rs485 build --build-base /home/gongminsu/motor_test/build/rs485/build install --record /home/gongminsu/motor_test/build/rs485/install.log --single-version-externally-managed install_data
[1.242s] running egg_info
[1.242s] writing ../../build/rs485/rs485.egg-info/PKG-INFO
[1.243s] writing dependency_links to ../../build/rs485/rs485.egg-info/dependency_links.txt
[1.243s] writing entry points to ../../build/rs485/rs485.egg-info/entry_points.txt
[1.243s] writing requirements to ../../build/rs485/rs485.egg-info/requires.txt
[1.243s] writing top-level names to ../../build/rs485/rs485.egg-info/top_level.txt
[1.246s] reading manifest file '../../build/rs485/rs485.egg-info/SOURCES.txt'
[1.247s] writing manifest file '../../build/rs485/rs485.egg-info/SOURCES.txt'
[1.247s] running build
[1.248s] running build_py
[1.249s] running install
[1.249s] running install_lib
[1.251s] running install_data
[1.251s] running install_egg_info
[1.253s] removing '/home/gongminsu/motor_test/install/rs485/lib/python3.10/site-packages/rs485-0.0.0-py3.10.egg-info' (and everything under it)
[1.253s] Copying ../../build/rs485/rs485.egg-info to /home/gongminsu/motor_test/install/rs485/lib/python3.10/site-packages/rs485-0.0.0-py3.10.egg-info
[1.254s] running install_scripts
[1.276s] Installing TSS_test script to /home/gongminsu/motor_test/install/rs485/lib/rs485
[1.277s] Installing base_broad script to /home/gongminsu/motor_test/install/rs485/lib/rs485
[1.277s] Installing base_broad_imu script to /home/gongminsu/motor_test/install/rs485/lib/rs485
[1.277s] Installing base_track_broad script to /home/gongminsu/motor_test/install/rs485/lib/rs485
[1.277s] Installing co script to /home/gongminsu/motor_test/install/rs485/lib/rs485
[1.277s] Installing diff_cmd_vel script to /home/gongminsu/motor_test/install/rs485/lib/rs485
[1.277s] Installing id_baud script to /home/gongminsu/motor_test/install/rs485/lib/rs485
[1.277s] Installing imu_pub script to /home/gongminsu/motor_test/install/rs485/lib/rs485
[1.277s] Installing node script to /home/gongminsu/motor_test/install/rs485/lib/rs485
[1.278s] Installing one_cmd_vel script to /home/gongminsu/motor_test/install/rs485/lib/rs485
[1.278s] Installing receiver script to /home/gongminsu/motor_test/install/rs485/lib/rs485
[1.278s] Installing roll_pitch_test script to /home/gongminsu/motor_test/install/rs485/lib/rs485
[1.278s] Installing rqt script to /home/gongminsu/motor_test/install/rs485/lib/rs485
[1.278s] Installing testcode script to /home/gongminsu/motor_test/install/rs485/lib/rs485
[1.278s] Installing transceiver script to /home/gongminsu/motor_test/install/rs485/lib/rs485
[1.278s] Installing zmp_test_imu script to /home/gongminsu/motor_test/install/rs485/lib/rs485
[1.279s] writing list of installed files to '/home/gongminsu/motor_test/build/rs485/install.log'
[1.304s] Invoked command in '/home/gongminsu/motor_test/src/rs485' returned '0': PYTHONPATH=/home/gongminsu/motor_test/build/rs485/prefix_override:/usr/lib/python3/dist-packages/colcon_core/task/python/colcon_distutils_commands:/home/gongminsu/motor_test/install/rs485/lib/python3.10/site-packages:${PYTHONPATH} /usr/bin/python3 -W ignore:setup.py install is deprecated -W ignore:easy_install command is deprecated setup.py egg_info --egg-base ../../build/rs485 build --build-base /home/gongminsu/motor_test/build/rs485/build install --record /home/gongminsu/motor_test/build/rs485/install.log --single-version-externally-managed install_data
