[0.716s] Invoking command in '/home/gongminsu/motor_test/src/rs485': PYTHONPATH=/home/gongminsu/motor_test/build/rs485/prefix_override:/usr/lib/python3/dist-packages/colcon_core/task/python/colcon_distutils_commands:/home/gongminsu/motor_test/install/rs485/lib/python3.10/site-packages:${PYTHONPATH} /usr/bin/python3 -W ignore:setup.py install is deprecated -W ignore:easy_install command is deprecated setup.py egg_info --egg-base ../../build/rs485 build --build-base /home/gongminsu/motor_test/build/rs485/build install --record /home/gongminsu/motor_test/build/rs485/install.log --single-version-externally-managed install_data
[0.988s] running egg_info
[0.988s] writing ../../build/rs485/rs485.egg-info/PKG-INFO
[0.989s] writing dependency_links to ../../build/rs485/rs485.egg-info/dependency_links.txt
[0.989s] writing entry points to ../../build/rs485/rs485.egg-info/entry_points.txt
[0.989s] writing requirements to ../../build/rs485/rs485.egg-info/requires.txt
[0.989s] writing top-level names to ../../build/rs485/rs485.egg-info/top_level.txt
[0.992s] reading manifest file '../../build/rs485/rs485.egg-info/SOURCES.txt'
[0.993s] writing manifest file '../../build/rs485/rs485.egg-info/SOURCES.txt'
[0.993s] running build
[0.993s] running build_py
[0.994s] running install
[0.995s] running install_lib
[0.997s] running install_data
[0.997s] running install_egg_info
[0.999s] removing '/home/gongminsu/motor_test/install/rs485/lib/python3.10/site-packages/rs485-0.0.0-py3.10.egg-info' (and everything under it)
[0.999s] Copying ../../build/rs485/rs485.egg-info to /home/gongminsu/motor_test/install/rs485/lib/python3.10/site-packages/rs485-0.0.0-py3.10.egg-info
[1.000s] running install_scripts
[1.021s] Installing TSS_test script to /home/gongminsu/motor_test/install/rs485/lib/rs485
[1.021s] Installing base_broad script to /home/gongminsu/motor_test/install/rs485/lib/rs485
[1.022s] Installing base_broad_imu script to /home/gongminsu/motor_test/install/rs485/lib/rs485
[1.022s] Installing base_track_broad script to /home/gongminsu/motor_test/install/rs485/lib/rs485
[1.022s] Installing co script to /home/gongminsu/motor_test/install/rs485/lib/rs485
[1.022s] Installing diff_cmd_vel script to /home/gongminsu/motor_test/install/rs485/lib/rs485
[1.022s] Installing id_baud script to /home/gongminsu/motor_test/install/rs485/lib/rs485
[1.022s] Installing imu_pub script to /home/gongminsu/motor_test/install/rs485/lib/rs485
[1.022s] Installing node script to /home/gongminsu/motor_test/install/rs485/lib/rs485
[1.022s] Installing one_cmd_vel script to /home/gongminsu/motor_test/install/rs485/lib/rs485
[1.022s] Installing receiver script to /home/gongminsu/motor_test/install/rs485/lib/rs485
[1.022s] Installing roll_pitch_test script to /home/gongminsu/motor_test/install/rs485/lib/rs485
[1.023s] Installing rqt script to /home/gongminsu/motor_test/install/rs485/lib/rs485
[1.023s] Installing testcode script to /home/gongminsu/motor_test/install/rs485/lib/rs485
[1.023s] Installing transceiver script to /home/gongminsu/motor_test/install/rs485/lib/rs485
[1.023s] Installing zmp_test_imu script to /home/gongminsu/motor_test/install/rs485/lib/rs485
[1.023s] writing list of installed files to '/home/gongminsu/motor_test/build/rs485/install.log'
[1.050s] Invoked command in '/home/gongminsu/motor_test/src/rs485' returned '0': PYTHONPATH=/home/gongminsu/motor_test/build/rs485/prefix_override:/usr/lib/python3/dist-packages/colcon_core/task/python/colcon_distutils_commands:/home/gongminsu/motor_test/install/rs485/lib/python3.10/site-packages:${PYTHONPATH} /usr/bin/python3 -W ignore:setup.py install is deprecated -W ignore:easy_install command is deprecated setup.py egg_info --egg-base ../../build/rs485 build --build-base /home/gongminsu/motor_test/build/rs485/build install --record /home/gongminsu/motor_test/build/rs485/install.log --single-version-externally-managed install_data
