[0.782s] Invoking command in '/home/gongminsu/motor_test/src/rs485': PYTHONPATH=/home/gongminsu/motor_test/build/rs485/prefix_override:/usr/lib/python3/dist-packages/colcon_core/task/python/colcon_distutils_commands:/home/gongminsu/motor_test/install/rs485/lib/python3.10/site-packages:${PYTHONPATH} /usr/bin/python3 -W ignore:setup.py install is deprecated -W ignore:easy_install command is deprecated setup.py egg_info --egg-base ../../build/rs485 build --build-base /home/gongminsu/motor_test/build/rs485/build install --record /home/gongminsu/motor_test/build/rs485/install.log --single-version-externally-managed install_data
[1.051s] running egg_info
[1.052s] writing ../../build/rs485/rs485.egg-info/PKG-INFO
[1.052s] writing dependency_links to ../../build/rs485/rs485.egg-info/dependency_links.txt
[1.052s] writing entry points to ../../build/rs485/rs485.egg-info/entry_points.txt
[1.052s] writing requirements to ../../build/rs485/rs485.egg-info/requires.txt
[1.052s] writing top-level names to ../../build/rs485/rs485.egg-info/top_level.txt
[1.063s] reading manifest file '../../build/rs485/rs485.egg-info/SOURCES.txt'
[1.064s] writing manifest file '../../build/rs485/rs485.egg-info/SOURCES.txt'
[1.064s] running build
[1.065s] running build_py
[1.065s] copying rs485/base_broad.py -> /home/gongminsu/motor_test/build/rs485/build/lib/rs485
[1.065s] running install
[1.065s] running install_lib
[1.066s] copying /home/gongminsu/motor_test/build/rs485/build/lib/rs485/base_broad.py -> /home/gongminsu/motor_test/install/rs485/lib/python3.10/site-packages/rs485
[1.067s] byte-compiling /home/gongminsu/motor_test/install/rs485/lib/python3.10/site-packages/rs485/base_broad.py to base_broad.cpython-310.pyc
[1.069s] running install_data
[1.070s] running install_egg_info
[1.072s] removing '/home/gongminsu/motor_test/install/rs485/lib/python3.10/site-packages/rs485-0.0.0-py3.10.egg-info' (and everything under it)
[1.072s] Copying ../../build/rs485/rs485.egg-info to /home/gongminsu/motor_test/install/rs485/lib/python3.10/site-packages/rs485-0.0.0-py3.10.egg-info
[1.073s] running install_scripts
[1.093s] Installing base_broad script to /home/gongminsu/motor_test/install/rs485/lib/rs485
[1.093s] Installing cmd_vel script to /home/gongminsu/motor_test/install/rs485/lib/rs485
[1.093s] Installing co script to /home/gongminsu/motor_test/install/rs485/lib/rs485
[1.094s] Installing id_baud script to /home/gongminsu/motor_test/install/rs485/lib/rs485
[1.094s] Installing receiver script to /home/gongminsu/motor_test/install/rs485/lib/rs485
[1.094s] Installing testcode script to /home/gongminsu/motor_test/install/rs485/lib/rs485
[1.094s] Installing transceiver script to /home/gongminsu/motor_test/install/rs485/lib/rs485
[1.094s] writing list of installed files to '/home/gongminsu/motor_test/build/rs485/install.log'
[1.120s] Invoked command in '/home/gongminsu/motor_test/src/rs485' returned '0': PYTHONPATH=/home/gongminsu/motor_test/build/rs485/prefix_override:/usr/lib/python3/dist-packages/colcon_core/task/python/colcon_distutils_commands:/home/gongminsu/motor_test/install/rs485/lib/python3.10/site-packages:${PYTHONPATH} /usr/bin/python3 -W ignore:setup.py install is deprecated -W ignore:easy_install command is deprecated setup.py egg_info --egg-base ../../build/rs485 build --build-base /home/gongminsu/motor_test/build/rs485/build install --record /home/gongminsu/motor_test/build/rs485/install.log --single-version-externally-managed install_data
